[2024-11-20 17:55:49:2288] DEBUG 41716 --- [  restartedMain] o.s.b.f.s.DefaultListableBeanFactory : Autowiring by type from bean name 'sslPropertiesSslBundleRegistrar' via factory method to bean named 'fileWatcher'
[2024-11-20 17:55:49:2303] DEBUG 41716 --- [  restartedMain] o.s.b.f.s.DefaultListableBeanFactory : Creating shared instance of singleton bean 'tomcatServletWebServerFactoryCustomizer'
[2024-11-20 17:55:49:2304] DEBUG 41716 --- [  restartedMain] o.s.b.f.s.DefaultListableBeanFactory : Autowiring by type from bean name 'tomcatServletWebServerFactoryCustomizer' via factory method to bean named 'server-org.springframework.boot.autoconfigure.web.ServerProperties'
[2024-11-20 17:55:49:2305] DEBUG 41716 --- [  restartedMain] o.s.b.f.s.DefaultListableBeanFactory : Creating shared instance of singleton bean 'tomcatWebServerFactoryCustomizer'
[2024-11-20 17:55:49:2306] DEBUG 41716 --- [  restartedMain] o.s.b.f.s.DefaultListableBeanFactory : Creating shared instance of singleton bean 'org.springframework.boot.autoconfigure.web.embedded.EmbeddedWebServerFactoryCustomizerAutoConfiguration$TomcatWebServerFactoryCustomizerConfiguration'
[2024-11-20 17:55:49:2308] DEBUG 41716 --- [  restartedMain] o.s.b.f.s.DefaultListableBeanFactory : Autowiring by type from bean name 'tomcatWebServerFactoryCustomizer' via factory method to bean named 'environment'
[2024-11-20 17:55:49:2308] DEBUG 41716 --- [  restartedMain] o.s.b.f.s.DefaultListableBeanFactory : Autowiring by type from bean name 'tomcatWebServerFactoryCustomizer' via factory method to bean named 'server-org.springframework.boot.autoconfigure.web.ServerProperties'
[2024-11-20 17:55:49:2311] DEBUG 41716 --- [  restartedMain] o.s.b.f.s.DefaultListableBeanFactory : Creating shared instance of singleton bean 'tomcatVirtualThreadsProtocolHandlerCustomizer'
[2024-11-20 17:55:49:2312] DEBUG 41716 --- [  restartedMain] o.s.b.f.s.DefaultListableBeanFactory : Creating shared instance of singleton bean 'localeCharsetMappingsCustomizer'
[2024-11-20 17:55:49:2312] DEBUG 41716 --- [  restartedMain] o.s.b.f.s.DefaultListableBeanFactory : Creating shared instance of singleton bean 'org.springframework.boot.autoconfigure.web.servlet.HttpEncodingAutoConfiguration'
[2024-11-20 17:55:49:2313] DEBUG 41716 --- [  restartedMain] o.s.b.f.s.DefaultListableBeanFactory : Autowiring by type from bean name 'org.springframework.boot.autoconfigure.web.servlet.HttpEncodingAutoConfiguration' via constructor to bean named 'server-org.springframework.boot.autoconfigure.web.ServerProperties'
[2024-11-20 17:55:49:2362] DEBUG 41716 --- [  restartedMain] o.s.b.f.s.DefaultListableBeanFactory : Creating shared instance of singleton bean 'errorPageCustomizer'
[2024-11-20 17:55:49:2363] DEBUG 41716 --- [  restartedMain] o.s.b.f.s.DefaultListableBeanFactory : Creating shared instance of singleton bean 'org.springframework.boot.autoconfigure.web.servlet.error.ErrorMvcAutoConfiguration'
[2024-11-20 17:55:49:2363] DEBUG 41716 --- [  restartedMain] o.s.b.f.s.DefaultListableBeanFactory : Autowiring by type from bean name 'org.springframework.boot.autoconfigure.web.servlet.error.ErrorMvcAutoConfiguration' via constructor to bean named 'server-org.springframework.boot.autoconfigure.web.ServerProperties'
[2024-11-20 17:55:49:2365] DEBUG 41716 --- [  restartedMain] o.s.b.f.s.DefaultListableBeanFactory : Creating shared instance of singleton bean 'dispatcherServletRegistration'
[2024-11-20 17:55:49:2365] DEBUG 41716 --- [  restartedMain] o.s.b.f.s.DefaultListableBeanFactory : Creating shared instance of singleton bean 'org.springframework.boot.autoconfigure.web.servlet.DispatcherServletAutoConfiguration$DispatcherServletRegistrationConfiguration'
[2024-11-20 17:55:49:2367] DEBUG 41716 --- [  restartedMain] o.s.b.f.s.DefaultListableBeanFactory : Creating shared instance of singleton bean 'dispatcherServlet'
[2024-11-20 17:55:49:2368] DEBUG 41716 --- [  restartedMain] o.s.b.f.s.DefaultListableBeanFactory : Creating shared instance of singleton bean 'org.springframework.boot.autoconfigure.web.servlet.DispatcherServletAutoConfiguration$DispatcherServletConfiguration'
[2024-11-20 17:55:49:2369] DEBUG 41716 --- [  restartedMain] o.s.b.f.s.DefaultListableBeanFactory : Creating shared instance of singleton bean 'spring.mvc-org.springframework.boot.autoconfigure.web.servlet.WebMvcProperties'
[2024-11-20 17:55:49:2374] DEBUG 41716 --- [  restartedMain] o.s.b.f.s.DefaultListableBeanFactory : Autowiring by type from bean name 'dispatcherServlet' via factory method to bean named 'spring.mvc-org.springframework.boot.autoconfigure.web.servlet.WebMvcProperties'
[2024-11-20 17:55:49:2384] DEBUG 41716 --- [  restartedMain] o.s.b.f.s.DefaultListableBeanFactory : Autowiring by type from bean name 'dispatcherServletRegistration' via factory method to bean named 'dispatcherServlet'
[2024-11-20 17:55:49:2384] DEBUG 41716 --- [  restartedMain] o.s.b.f.s.DefaultListableBeanFactory : Autowiring by type from bean name 'dispatcherServletRegistration' via factory method to bean named 'spring.mvc-org.springframework.boot.autoconfigure.web.servlet.WebMvcProperties'
[2024-11-20 17:55:49:2387] DEBUG 41716 --- [  restartedMain] o.s.b.f.s.DefaultListableBeanFactory : Creating shared instance of singleton bean 'multipartConfigElement'
[2024-11-20 17:55:49:2387] DEBUG 41716 --- [  restartedMain] o.s.b.f.s.DefaultListableBeanFactory : Creating shared instance of singleton bean 'org.springframework.boot.autoconfigure.web.servlet.MultipartAutoConfiguration'
[2024-11-20 17:55:49:2388] DEBUG 41716 --- [  restartedMain] o.s.b.f.s.DefaultListableBeanFactory : Creating shared instance of singleton bean 'spring.servlet.multipart-org.springframework.boot.autoconfigure.web.servlet.MultipartProperties'
[2024-11-20 17:55:49:2392] DEBUG 41716 --- [  restartedMain] o.s.b.f.s.DefaultListableBeanFactory : Autowiring by type from bean name 'org.springframework.boot.autoconfigure.web.servlet.MultipartAutoConfiguration' via constructor to bean named 'spring.servlet.multipart-org.springframework.boot.autoconfigure.web.servlet.MultipartProperties'
[2024-11-20 17:55:49:2400] DEBUG 41716 --- [  restartedMain] o.s.b.f.s.DefaultListableBeanFactory : Autowiring by type from bean name 'errorPageCustomizer' via factory method to bean named 'dispatcherServletRegistration'
[2024-11-20 17:55:49:2498] DEBUG 41716 --- [  restartedMain] .w.e.t.TomcatServletWebServerFactory : Code archive: C:\Users\dhhan\.m2\repository\org\springframework\boot\spring-boot\3.3.5\spring-boot-3.3.5.jar
[2024-11-20 17:55:49:2498] DEBUG 41716 --- [  restartedMain] .w.e.t.TomcatServletWebServerFactory : Code archive: C:\Users\dhhan\.m2\repository\org\springframework\boot\spring-boot\3.3.5\spring-boot-3.3.5.jar
[2024-11-20 17:55:49:2499] DEBUG 41716 --- [  restartedMain] .w.e.t.TomcatServletWebServerFactory : None of the document roots [src/main/webapp, public, static] point to a directory and will be ignored.
[2024-11-20 17:55:49:2551] INFO  41716 --- [  restartedMain] o.s.b.w.e.tomcat.TomcatWebServer     : Tomcat initialized with port 8080 (http)
[2024-11-20 17:55:49:2562] INFO  41716 --- [  restartedMain] o.a.coyote.http11.Http11NioProtocol  : Initializing ProtocolHandler ["http-nio-8080"]
[2024-11-20 17:55:49:2565] INFO  41716 --- [  restartedMain] o.a.catalina.core.StandardService    : Starting service [Tomcat]
[2024-11-20 17:55:49:2566] INFO  41716 --- [  restartedMain] o.a.catalina.core.StandardEngine     : Starting Servlet engine: [Apache Tomcat/10.1.31]
[2024-11-20 17:55:49:2604] INFO  41716 --- [  restartedMain] o.a.c.c.C.[Tomcat].[localhost].[/]   : Initializing Spring embedded WebApplicationContext
[2024-11-20 17:55:49:2604] DEBUG 41716 --- [  restartedMain] c.ServletWebServerApplicationContext : Published root WebApplicationContext as ServletContext attribute with name [org.springframework.web.context.WebApplicationContext.ROOT]
[2024-11-20 17:55:49:2604] INFO  41716 --- [  restartedMain] c.ServletWebServerApplicationContext : Root WebApplicationContext: initialization completed in 1319 ms
[2024-11-20 17:55:49:2609] DEBUG 41716 --- [  restartedMain] o.s.b.f.s.DefaultListableBeanFactory : Creating shared instance of singleton bean 'requestContextFilter'
[2024-11-20 17:55:49:2611] DEBUG 41716 --- [  restartedMain] o.s.b.f.s.DefaultListableBeanFactory : Creating shared instance of singleton bean 'formContentFilter'
[2024-11-20 17:55:49:2611] DEBUG 41716 --- [  restartedMain] o.s.b.f.s.DefaultListableBeanFactory : Creating shared instance of singleton bean 'org.springframework.boot.autoconfigure.web.servlet.WebMvcAutoConfiguration'
[2024-11-20 17:55:49:2614] DEBUG 41716 --- [  restartedMain] o.s.b.f.s.DefaultListableBeanFactory : Creating shared instance of singleton bean 'characterEncodingFilter'
[2024-11-20 17:55:49:2620] DEBUG 41716 --- [  restartedMain] b.w.s.ServletContextInitializerBeans : Mapping filters: characterEncodingFilter urls=[/*] order=-2147483648, formContentFilter urls=[/*] order=-9900, requestContextFilter urls=[/*] order=-105
[2024-11-20 17:55:49:2620] DEBUG 41716 --- [  restartedMain] b.w.s.ServletContextInitializerBeans : Mapping servlets: dispatcherServlet urls=[/]
[2024-11-20 17:55:49:2639] DEBUG 41716 --- [  restartedMain] .b.w.s.f.OrderedRequestContextFilter : Filter 'requestContextFilter' configured for use
[2024-11-20 17:55:49:2641] DEBUG 41716 --- [  restartedMain] w.s.f.OrderedCharacterEncodingFilter : Filter 'characterEncodingFilter' configured for use
[2024-11-20 17:55:49:2641] DEBUG 41716 --- [  restartedMain] o.s.b.w.s.f.OrderedFormContentFilter : Filter 'formContentFilter' configured for use
[2024-11-20 17:55:49:2648] DEBUG 41716 --- [  restartedMain] o.s.b.f.s.DefaultListableBeanFactory : Creating shared instance of singleton bean 'demoApplication'
[2024-11-20 17:55:49:2649] DEBUG 41716 --- [  restartedMain] o.s.b.f.s.DefaultListableBeanFactory : Creating shared instance of singleton bean 'controllerErrorAdivce'
[2024-11-20 17:55:49:2653] DEBUG 41716 --- [  restartedMain] o.s.b.f.s.DefaultListableBeanFactory : Creating shared instance of singleton bean 'interceptorConfig'
[2024-11-20 17:55:49:2654] DEBUG 41716 --- [  restartedMain] o.s.b.f.s.DefaultListableBeanFactory : Creating shared instance of singleton bean 'openApiConfig'
