[2024-11-14 18:01:36:2348] DEBUG 22308 --- [  restartedMain] o.s.b.f.s.DefaultListableBeanFactory : Creating shared instance of singleton bean 'tomcatWebServerFactoryCustomizer'
[2024-11-14 18:01:36:2349] DEBUG 22308 --- [  restartedMain] o.s.b.f.s.DefaultListableBeanFactory : Creating shared instance of singleton bean 'org.springframework.boot.autoconfigure.web.embedded.EmbeddedWebServerFactoryCustomizerAutoConfiguration$TomcatWebServerFactoryCustomizerConfiguration'
[2024-11-14 18:01:36:2351] DEBUG 22308 --- [  restartedMain] o.s.b.f.s.DefaultListableBeanFactory : Autowiring by type from bean name 'tomcatWebServerFactoryCustomizer' via factory method to bean named 'environment'
[2024-11-14 18:01:36:2351] DEBUG 22308 --- [  restartedMain] o.s.b.f.s.DefaultListableBeanFactory : Autowiring by type from bean name 'tomcatWebServerFactoryCustomizer' via factory method to bean named 'server-org.springframework.boot.autoconfigure.web.ServerProperties'
[2024-11-14 18:01:36:2354] DEBUG 22308 --- [  restartedMain] o.s.b.f.s.DefaultListableBeanFactory : Creating shared instance of singleton bean 'localeCharsetMappingsCustomizer'
[2024-11-14 18:01:36:2354] DEBUG 22308 --- [  restartedMain] o.s.b.f.s.DefaultListableBeanFactory : Creating shared instance of singleton bean 'org.springframework.boot.autoconfigure.web.servlet.HttpEncodingAutoConfiguration'
[2024-11-14 18:01:36:2355] DEBUG 22308 --- [  restartedMain] o.s.b.f.s.DefaultListableBeanFactory : Autowiring by type from bean name 'org.springframework.boot.autoconfigure.web.servlet.HttpEncodingAutoConfiguration' via constructor to bean named 'server-org.springframework.boot.autoconfigure.web.ServerProperties'
[2024-11-14 18:01:36:2379] DEBUG 22308 --- [  restartedMain] o.s.b.f.s.DefaultListableBeanFactory : Creating shared instance of singleton bean 'errorPageCustomizer'
[2024-11-14 18:01:36:2380] DEBUG 22308 --- [  restartedMain] o.s.b.f.s.DefaultListableBeanFactory : Creating shared instance of singleton bean 'org.springframework.boot.autoconfigure.web.servlet.error.ErrorMvcAutoConfiguration'
[2024-11-14 18:01:36:2380] DEBUG 22308 --- [  restartedMain] o.s.b.f.s.DefaultListableBeanFactory : Autowiring by type from bean name 'org.springframework.boot.autoconfigure.web.servlet.error.ErrorMvcAutoConfiguration' via constructor to bean named 'server-org.springframework.boot.autoconfigure.web.ServerProperties'
[2024-11-14 18:01:36:2381] DEBUG 22308 --- [  restartedMain] o.s.b.f.s.DefaultListableBeanFactory : Creating shared instance of singleton bean 'dispatcherServletRegistration'
[2024-11-14 18:01:36:2381] DEBUG 22308 --- [  restartedMain] o.s.b.f.s.DefaultListableBeanFactory : Creating shared instance of singleton bean 'org.springframework.boot.autoconfigure.web.servlet.DispatcherServletAutoConfiguration$DispatcherServletRegistrationConfiguration'
[2024-11-14 18:01:36:2382] DEBUG 22308 --- [  restartedMain] o.s.b.f.s.DefaultListableBeanFactory : Creating shared instance of singleton bean 'dispatcherServlet'
[2024-11-14 18:01:36:2382] DEBUG 22308 --- [  restartedMain] o.s.b.f.s.DefaultListableBeanFactory : Creating shared instance of singleton bean 'org.springframework.boot.autoconfigure.web.servlet.DispatcherServletAutoConfiguration$DispatcherServletConfiguration'
[2024-11-14 18:01:36:2383] DEBUG 22308 --- [  restartedMain] o.s.b.f.s.DefaultListableBeanFactory : Creating shared instance of singleton bean 'spring.mvc-org.springframework.boot.autoconfigure.web.servlet.WebMvcProperties'
[2024-11-14 18:01:36:2391] DEBUG 22308 --- [  restartedMain] o.s.b.f.s.DefaultListableBeanFactory : Autowiring by type from bean name 'dispatcherServlet' via factory method to bean named 'spring.mvc-org.springframework.boot.autoconfigure.web.servlet.WebMvcProperties'
[2024-11-14 18:01:36:2400] DEBUG 22308 --- [  restartedMain] o.s.b.f.s.DefaultListableBeanFactory : Autowiring by type from bean name 'dispatcherServletRegistration' via factory method to bean named 'dispatcherServlet'
[2024-11-14 18:01:36:2400] DEBUG 22308 --- [  restartedMain] o.s.b.f.s.DefaultListableBeanFactory : Autowiring by type from bean name 'dispatcherServletRegistration' via factory method to bean named 'spring.mvc-org.springframework.boot.autoconfigure.web.servlet.WebMvcProperties'
[2024-11-14 18:01:36:2403] DEBUG 22308 --- [  restartedMain] o.s.b.f.s.DefaultListableBeanFactory : Creating shared instance of singleton bean 'multipartConfigElement'
[2024-11-14 18:01:36:2403] DEBUG 22308 --- [  restartedMain] o.s.b.f.s.DefaultListableBeanFactory : Creating shared instance of singleton bean 'org.springframework.boot.autoconfigure.web.servlet.MultipartAutoConfiguration'
[2024-11-14 18:01:36:2403] DEBUG 22308 --- [  restartedMain] o.s.b.f.s.DefaultListableBeanFactory : Creating shared instance of singleton bean 'spring.servlet.multipart-org.springframework.boot.autoconfigure.web.servlet.MultipartProperties'
[2024-11-14 18:01:36:2408] DEBUG 22308 --- [  restartedMain] o.s.b.f.s.DefaultListableBeanFactory : Autowiring by type from bean name 'org.springframework.boot.autoconfigure.web.servlet.MultipartAutoConfiguration' via constructor to bean named 'spring.servlet.multipart-org.springframework.boot.autoconfigure.web.servlet.MultipartProperties'
[2024-11-14 18:01:36:2418] DEBUG 22308 --- [  restartedMain] o.s.b.f.s.DefaultListableBeanFactory : Autowiring by type from bean name 'errorPageCustomizer' via factory method to bean named 'dispatcherServletRegistration'
[2024-11-14 18:01:36:2506] DEBUG 22308 --- [  restartedMain] .w.e.t.TomcatServletWebServerFactory : Code archive: C:\Users\dhhan\.m2\repository\org\springframework\boot\spring-boot\3.3.5\spring-boot-3.3.5.jar
[2024-11-14 18:01:36:2507] DEBUG 22308 --- [  restartedMain] .w.e.t.TomcatServletWebServerFactory : Code archive: C:\Users\dhhan\.m2\repository\org\springframework\boot\spring-boot\3.3.5\spring-boot-3.3.5.jar
[2024-11-14 18:01:36:2507] DEBUG 22308 --- [  restartedMain] .w.e.t.TomcatServletWebServerFactory : None of the document roots [src/main/webapp, public, static] point to a directory and will be ignored.
[2024-11-14 18:01:36:2562] INFO  22308 --- [  restartedMain] o.s.b.w.e.tomcat.TomcatWebServer     : Tomcat initialized with port 8080 (http)
[2024-11-14 18:01:36:2574] INFO  22308 --- [  restartedMain] o.a.coyote.http11.Http11NioProtocol  : Initializing ProtocolHandler ["http-nio-8080"]
[2024-11-14 18:01:36:2578] INFO  22308 --- [  restartedMain] o.a.catalina.core.StandardService    : Starting service [Tomcat]
[2024-11-14 18:01:36:2578] INFO  22308 --- [  restartedMain] o.a.catalina.core.StandardEngine     : Starting Servlet engine: [Apache Tomcat/10.1.31]
[2024-11-14 18:01:36:2618] INFO  22308 --- [  restartedMain] o.a.c.c.C.[Tomcat].[localhost].[/]   : Initializing Spring embedded WebApplicationContext
[2024-11-14 18:01:36:2618] DEBUG 22308 --- [  restartedMain] c.ServletWebServerApplicationContext : Published root WebApplicationContext as ServletContext attribute with name [org.springframework.web.context.WebApplicationContext.ROOT]
[2024-11-14 18:01:36:2618] INFO  22308 --- [  restartedMain] c.ServletWebServerApplicationContext : Root WebApplicationContext: initialization completed in 1292 ms
[2024-11-14 18:01:36:2622] DEBUG 22308 --- [  restartedMain] o.s.b.f.s.DefaultListableBeanFactory : Creating shared instance of singleton bean 'requestContextFilter'
[2024-11-14 18:01:36:2625] DEBUG 22308 --- [  restartedMain] o.s.b.f.s.DefaultListableBeanFactory : Creating shared instance of singleton bean 'formContentFilter'
[2024-11-14 18:01:36:2625] DEBUG 22308 --- [  restartedMain] o.s.b.f.s.DefaultListableBeanFactory : Creating shared instance of singleton bean 'org.springframework.boot.autoconfigure.web.servlet.WebMvcAutoConfiguration'
[2024-11-14 18:01:36:2631] DEBUG 22308 --- [  restartedMain] o.s.b.f.s.DefaultListableBeanFactory : Creating shared instance of singleton bean 'characterEncodingFilter'
[2024-11-14 18:01:36:2638] DEBUG 22308 --- [  restartedMain] b.w.s.ServletContextInitializerBeans : Mapping filters: characterEncodingFilter urls=[/*] order=-2147483648, formContentFilter urls=[/*] order=-9900, requestContextFilter urls=[/*] order=-105
[2024-11-14 18:01:36:2638] DEBUG 22308 --- [  restartedMain] b.w.s.ServletContextInitializerBeans : Mapping servlets: dispatcherServlet urls=[/]
[2024-11-14 18:01:36:2661] DEBUG 22308 --- [  restartedMain] .b.w.s.f.OrderedRequestContextFilter : Filter 'requestContextFilter' configured for use
[2024-11-14 18:01:36:2664] DEBUG 22308 --- [  restartedMain] w.s.f.OrderedCharacterEncodingFilter : Filter 'characterEncodingFilter' configured for use
[2024-11-14 18:01:36:2664] DEBUG 22308 --- [  restartedMain] o.s.b.w.s.f.OrderedFormContentFilter : Filter 'formContentFilter' configured for use
[2024-11-14 18:01:36:2672] DEBUG 22308 --- [  restartedMain] o.s.b.f.s.DefaultListableBeanFactory : Creating shared instance of singleton bean 'demoApplication'
[2024-11-14 18:01:36:2674] DEBUG 22308 --- [  restartedMain] o.s.b.f.s.DefaultListableBeanFactory : Creating shared instance of singleton bean 'controllerErrorAdivce'
[2024-11-14 18:01:36:2681] DEBUG 22308 --- [  restartedMain] o.s.b.f.s.DefaultListableBeanFactory : Creating shared instance of singleton bean 'testController'
[2024-11-14 18:01:36:2686] DEBUG 22308 --- [  restartedMain] o.s.b.f.s.DefaultListableBeanFactory : Creating shared instance of singleton bean 'commonInterceptor'
[2024-11-14 18:01:36:2687] DEBUG 22308 --- [  restartedMain] o.s.b.f.s.DefaultListableBeanFactory : Creating shared instance of singleton bean 'interceptorConfig'
[2024-11-14 18:01:36:2688] DEBUG 22308 --- [  restartedMain] o.s.b.f.s.DefaultListableBeanFactory : Creating shared instance of singleton bean 'org.springframework.boot.autoconfigure.AutoConfigurationPackages'
[2024-11-14 18:01:36:2689] DEBUG 22308 --- [  restartedMain] o.s.b.f.s.DefaultListableBeanFactory : Creating shared instance of singleton bean 'org.springframework.boot.autoconfigure.context.PropertyPlaceholderAutoConfiguration'
[2024-11-14 18:01:36:2689] DEBUG 22308 --- [  restartedMain] o.s.b.f.s.DefaultListableBeanFactory : Creating shared instance of singleton bean 'org.springframework.boot.context.properties.EnableConfigurationPropertiesRegistrar.methodValidationExcludeFilter'
