[2024-11-20 17:53:00:140600] DEBUG 32424 --- [omcat-handler-3] o.s.web.servlet.DispatcherServlet    : GET "/redoc", parameters={}
[2024-11-20 17:53:00:140603] DEBUG 32424 --- [omcat-handler-3] o.s.w.s.h.SimpleUrlHandlerMapping    : Mapped to ResourceHttpRequestHandler [classpath [META-INF/resources/], classpath [resources/], classpath [static/], classpath [public/], ServletContext [/]]
[2024-11-20 17:53:00:140605] DEBUG 32424 --- [omcat-handler-3] o.s.w.s.r.ResourceHttpRequestHandler : Resource not found
[2024-11-20 17:53:00:140609] ERROR 32424 --- [omcat-handler-3] com.dhhan.demo.utils.LogHelper       : com.dhhan.demo.utils.LogHelper.error(LogHelper.java:36)
[2024-11-20 17:53:00:140609] ERROR 32424 --- [omcat-handler-3] com.dhhan.demo.utils.LogHelper       : com.dhhan.demo.aop.ControllerErrorAdivce.handleException(ControllerErrorAdivce.java:17)
[2024-11-20 17:53:00:140614] ERROR 32424 --- [omcat-handler-3] com.dhhan.demo.utils.LogHelper       : Error occurred: No static resource redoc.
[2024-11-20 17:53:00:140615] ERROR 32424 --- [omcat-handler-3] com.dhhan.demo.utils.LogHelper       : -> org.springframework.web.servlet.resource.ResourceHttpRequestHandler.handleRequest(ResourceHttpRequestHandler.java:585)
[2024-11-20 17:53:00:140615] ERROR 32424 --- [omcat-handler-3] com.dhhan.demo.utils.LogHelper       : -> org.springframework.web.servlet.mvc.HttpRequestHandlerAdapter.handle(HttpRequestHandlerAdapter.java:52)
[2024-11-20 17:53:00:140615] ERROR 32424 --- [omcat-handler-3] com.dhhan.demo.utils.LogHelper       : -> org.springframework.web.servlet.DispatcherServlet.doDispatch(DispatcherServlet.java:1089)
[2024-11-20 17:53:00:140615] ERROR 32424 --- [omcat-handler-3] com.dhhan.demo.utils.LogHelper       : -> org.springframework.web.servlet.DispatcherServlet.doService(DispatcherServlet.java:979)
[2024-11-20 17:53:00:140615] ERROR 32424 --- [omcat-handler-3] com.dhhan.demo.utils.LogHelper       : -> org.springframework.web.servlet.FrameworkServlet.processRequest(FrameworkServlet.java:1014)
[2024-11-20 17:53:00:140615] ERROR 32424 --- [omcat-handler-3] com.dhhan.demo.utils.LogHelper       : -> org.springframework.web.servlet.FrameworkServlet.doGet(FrameworkServlet.java:903)
[2024-11-20 17:53:00:140615] ERROR 32424 --- [omcat-handler-3] com.dhhan.demo.utils.LogHelper       : -> jakarta.servlet.http.HttpServlet.service(HttpServlet.java:564)
[2024-11-20 17:53:00:140615] ERROR 32424 --- [omcat-handler-3] com.dhhan.demo.utils.LogHelper       : -> org.springframework.web.servlet.FrameworkServlet.service(FrameworkServlet.java:885)
[2024-11-20 17:53:00:140615] ERROR 32424 --- [omcat-handler-3] com.dhhan.demo.utils.LogHelper       : -> jakarta.servlet.http.HttpServlet.service(HttpServlet.java:658)
[2024-11-20 17:53:00:140615] ERROR 32424 --- [omcat-handler-3] com.dhhan.demo.utils.LogHelper       : -> org.apache.catalina.core.ApplicationFilterChain.internalDoFilter(ApplicationFilterChain.java:195)
[2024-11-20 17:53:00:140615] ERROR 32424 --- [omcat-handler-3] com.dhhan.demo.utils.LogHelper       : -> org.apache.catalina.core.ApplicationFilterChain.doFilter(ApplicationFilterChain.java:140)
[2024-11-20 17:53:00:140615] ERROR 32424 --- [omcat-handler-3] com.dhhan.demo.utils.LogHelper       : -> org.apache.tomcat.websocket.server.WsFilter.doFilter(WsFilter.java:51)
[2024-11-20 17:53:00:140615] ERROR 32424 --- [omcat-handler-3] com.dhhan.demo.utils.LogHelper       : -> org.apache.catalina.core.ApplicationFilterChain.internalDoFilter(ApplicationFilterChain.java:164)
[2024-11-20 17:53:00:140615] ERROR 32424 --- [omcat-handler-3] com.dhhan.demo.utils.LogHelper       : -> org.apache.catalina.core.ApplicationFilterChain.doFilter(ApplicationFilterChain.java:140)
[2024-11-20 17:53:00:140615] ERROR 32424 --- [omcat-handler-3] com.dhhan.demo.utils.LogHelper       : -> org.springframework.web.filter.RequestContextFilter.doFilterInternal(RequestContextFilter.java:100)
[2024-11-20 17:53:00:140615] ERROR 32424 --- [omcat-handler-3] com.dhhan.demo.utils.LogHelper       : -> org.springframework.web.filter.OncePerRequestFilter.doFilter(OncePerRequestFilter.java:116)
[2024-11-20 17:53:00:140615] ERROR 32424 --- [omcat-handler-3] com.dhhan.demo.utils.LogHelper       : -> org.apache.catalina.core.ApplicationFilterChain.internalDoFilter(ApplicationFilterChain.java:164)
[2024-11-20 17:53:00:140615] ERROR 32424 --- [omcat-handler-3] com.dhhan.demo.utils.LogHelper       : -> org.apache.catalina.core.ApplicationFilterChain.doFilter(ApplicationFilterChain.java:140)
[2024-11-20 17:53:00:140615] ERROR 32424 --- [omcat-handler-3] com.dhhan.demo.utils.LogHelper       : -> org.springframework.web.filter.FormContentFilter.doFilterInternal(FormContentFilter.java:93)
[2024-11-20 17:53:00:140615] ERROR 32424 --- [omcat-handler-3] com.dhhan.demo.utils.LogHelper       : -> org.springframework.web.filter.OncePerRequestFilter.doFilter(OncePerRequestFilter.java:116)
[2024-11-20 17:53:00:140615] ERROR 32424 --- [omcat-handler-3] com.dhhan.demo.utils.LogHelper       : -> org.apache.catalina.core.ApplicationFilterChain.internalDoFilter(ApplicationFilterChain.java:164)
[2024-11-20 17:53:00:140615] ERROR 32424 --- [omcat-handler-3] com.dhhan.demo.utils.LogHelper       : -> org.apache.catalina.core.ApplicationFilterChain.doFilter(ApplicationFilterChain.java:140)
[2024-11-20 17:53:00:140616] ERROR 32424 --- [omcat-handler-3] com.dhhan.demo.utils.LogHelper       : -> org.springframework.web.filter.CharacterEncodingFilter.doFilterInternal(CharacterEncodingFilter.java:201)
[2024-11-20 17:53:00:140616] ERROR 32424 --- [omcat-handler-3] com.dhhan.demo.utils.LogHelper       : -> org.springframework.web.filter.OncePerRequestFilter.doFilter(OncePerRequestFilter.java:116)
[2024-11-20 17:53:00:140616] ERROR 32424 --- [omcat-handler-3] com.dhhan.demo.utils.LogHelper       : -> org.apache.catalina.core.ApplicationFilterChain.internalDoFilter(ApplicationFilterChain.java:164)
[2024-11-20 17:53:00:140616] ERROR 32424 --- [omcat-handler-3] com.dhhan.demo.utils.LogHelper       : -> org.apache.catalina.core.ApplicationFilterChain.doFilter(ApplicationFilterChain.java:140)
[2024-11-20 17:53:00:140616] ERROR 32424 --- [omcat-handler-3] com.dhhan.demo.utils.LogHelper       : -> org.apache.catalina.core.StandardWrapperValve.invoke(StandardWrapperValve.java:167)
[2024-11-20 17:53:00:140616] ERROR 32424 --- [omcat-handler-3] com.dhhan.demo.utils.LogHelper       : -> org.apache.catalina.core.StandardContextValve.invoke(StandardContextValve.java:90)
[2024-11-20 17:53:00:140616] ERROR 32424 --- [omcat-handler-3] com.dhhan.demo.utils.LogHelper       : -> org.apache.catalina.authenticator.AuthenticatorBase.invoke(AuthenticatorBase.java:483)
[2024-11-20 17:53:00:140616] ERROR 32424 --- [omcat-handler-3] com.dhhan.demo.utils.LogHelper       : -> org.apache.catalina.core.StandardHostValve.invoke(StandardHostValve.java:115)
[2024-11-20 17:53:00:140616] ERROR 32424 --- [omcat-handler-3] com.dhhan.demo.utils.LogHelper       : -> org.apache.catalina.valves.ErrorReportValve.invoke(ErrorReportValve.java:93)
[2024-11-20 17:53:00:140616] ERROR 32424 --- [omcat-handler-3] com.dhhan.demo.utils.LogHelper       : -> org.apache.catalina.core.StandardEngineValve.invoke(StandardEngineValve.java:74)
[2024-11-20 17:53:00:140616] ERROR 32424 --- [omcat-handler-3] com.dhhan.demo.utils.LogHelper       : -> org.apache.catalina.connector.CoyoteAdapter.service(CoyoteAdapter.java:344)
[2024-11-20 17:53:00:140616] ERROR 32424 --- [omcat-handler-3] com.dhhan.demo.utils.LogHelper       : -> org.apache.coyote.http11.Http11Processor.service(Http11Processor.java:384)
[2024-11-20 17:53:00:140616] ERROR 32424 --- [omcat-handler-3] com.dhhan.demo.utils.LogHelper       : -> org.apache.coyote.AbstractProcessorLight.process(AbstractProcessorLight.java:63)
[2024-11-20 17:53:00:140616] ERROR 32424 --- [omcat-handler-3] com.dhhan.demo.utils.LogHelper       : -> org.apache.coyote.AbstractProtocol$ConnectionHandler.process(AbstractProtocol.java:905)
[2024-11-20 17:53:00:140616] ERROR 32424 --- [omcat-handler-3] com.dhhan.demo.utils.LogHelper       : -> org.apache.tomcat.util.net.NioEndpoint$SocketProcessor.doRun(NioEndpoint.java:1741)
[2024-11-20 17:53:00:140616] ERROR 32424 --- [omcat-handler-3] com.dhhan.demo.utils.LogHelper       : -> org.apache.tomcat.util.net.SocketProcessorBase.run(SocketProcessorBase.java:52)
[2024-11-20 17:53:00:140616] ERROR 32424 --- [omcat-handler-3] com.dhhan.demo.utils.LogHelper       : -> java.base/java.lang.VirtualThread.run(VirtualThread.java:329)
[2024-11-20 17:53:00:140622] DEBUG 32424 --- [omcat-handler-3] a.RequestResponseBodyMethodProcessor : Using 'application/json;q=0.8', given [text/html, application/xhtml+xml, image/avif, image/webp, image/apng, application/xml;q=0.9, */*;q=0.8, application/signed-exchange;v=b3;q=0.7] and supported [application/json, application/*+json]
[2024-11-20 17:53:00:140623] DEBUG 32424 --- [omcat-handler-3] a.RequestResponseBodyMethodProcessor : Writing [com.dhhan.demo.dto.response.CustomResponse@1f4be6aa]
[2024-11-20 17:53:00:140626] DEBUG 32424 --- [omcat-handler-3] o.s.web.servlet.DispatcherServlet    : Completed 400 BAD_REQUEST
