[2024-11-20 17:57:15:3700] DEBUG 37732 --- [  restartedMain] o.s.b.f.s.DefaultListableBeanFactory : Creating shared instance of singleton bean 'fileSupportConverter'
[2024-11-20 17:57:15:3702] DEBUG 37732 --- [  restartedMain] o.s.b.f.s.DefaultListableBeanFactory : Autowiring by type from bean name 'fileSupportConverter' via factory method to bean named 'springdocObjectMapperProvider'
[2024-11-20 17:57:15:3703] DEBUG 37732 --- [  restartedMain] o.s.b.f.s.DefaultListableBeanFactory : Creating shared instance of singleton bean 'responseSupportConverter'
[2024-11-20 17:57:15:3704] DEBUG 37732 --- [  restartedMain] o.s.b.f.s.DefaultListableBeanFactory : Autowiring by type from bean name 'responseSupportConverter' via factory method to bean named 'springdocObjectMapperProvider'
[2024-11-20 17:57:15:3706] DEBUG 37732 --- [  restartedMain] o.s.b.f.s.DefaultListableBeanFactory : Creating shared instance of singleton bean 'schemaPropertyDeprecatingConverter'
[2024-11-20 17:57:15:3707] DEBUG 37732 --- [  restartedMain] o.s.b.f.s.DefaultListableBeanFactory : Creating shared instance of singleton bean 'polymorphicModelConverter'
[2024-11-20 17:57:15:3707] DEBUG 37732 --- [  restartedMain] o.s.b.f.s.DefaultListableBeanFactory : Autowiring by type from bean name 'polymorphicModelConverter' via factory method to bean named 'springdocObjectMapperProvider'
[2024-11-20 17:57:15:3708] DEBUG 37732 --- [  restartedMain] o.s.b.f.s.DefaultListableBeanFactory : Creating shared instance of singleton bean 'openAPIBuilder'
[2024-11-20 17:57:15:3709] DEBUG 37732 --- [  restartedMain] o.s.b.f.s.DefaultListableBeanFactory : Creating shared instance of singleton bean 'securityParser'
[2024-11-20 17:57:15:3710] DEBUG 37732 --- [  restartedMain] o.s.b.f.s.DefaultListableBeanFactory : Creating shared instance of singleton bean 'propertyResolverUtils'
[2024-11-20 17:57:15:3711] DEBUG 37732 --- [  restartedMain] o.s.b.f.s.DefaultListableBeanFactory : Autowiring by type from bean name 'propertyResolverUtils' via factory method to bean named 'org.springframework.beans.factory.support.DefaultListableBeanFactory@6edb9ffb'
[2024-11-20 17:57:15:3711] DEBUG 37732 --- [  restartedMain] o.s.b.f.s.DefaultListableBeanFactory : Autowiring by type from bean name 'propertyResolverUtils' via factory method to bean named 'messageSource'
[2024-11-20 17:57:15:3711] DEBUG 37732 --- [  restartedMain] o.s.b.f.s.DefaultListableBeanFactory : Autowiring by type from bean name 'propertyResolverUtils' via factory method to bean named 'org.springdoc.core.properties.SpringDocConfigProperties'
[2024-11-20 17:57:15:3712] DEBUG 37732 --- [  restartedMain] o.s.b.f.s.DefaultListableBeanFactory : Autowiring by type from bean name 'securityParser' via factory method to bean named 'propertyResolverUtils'
[2024-11-20 17:57:15:3715] DEBUG 37732 --- [  restartedMain] o.s.b.f.s.DefaultListableBeanFactory : Autowiring by type from bean name 'openAPIBuilder' via factory method to bean named 'securityParser'
[2024-11-20 17:57:15:3715] DEBUG 37732 --- [  restartedMain] o.s.b.f.s.DefaultListableBeanFactory : Autowiring by type from bean name 'openAPIBuilder' via factory method to bean named 'org.springdoc.core.properties.SpringDocConfigProperties'
[2024-11-20 17:57:15:3715] DEBUG 37732 --- [  restartedMain] o.s.b.f.s.DefaultListableBeanFactory : Autowiring by type from bean name 'openAPIBuilder' via factory method to bean named 'propertyResolverUtils'
[2024-11-20 17:57:15:3718] DEBUG 37732 --- [  restartedMain] o.s.b.f.s.DefaultListableBeanFactory : Creating shared instance of singleton bean 'modelConverterRegistrar'
[2024-11-20 17:57:15:3720] DEBUG 37732 --- [  restartedMain] o.s.b.f.s.DefaultListableBeanFactory : Autowiring by type from bean name 'modelConverterRegistrar' via factory method to bean named 'org.springdoc.core.properties.SpringDocConfigProperties'
[2024-11-20 17:57:15:3730] DEBUG 37732 --- [  restartedMain] o.s.b.f.s.DefaultListableBeanFactory : Creating shared instance of singleton bean 'operationBuilder'
[2024-11-20 17:57:15:3731] DEBUG 37732 --- [  restartedMain] o.s.b.f.s.DefaultListableBeanFactory : Creating shared instance of singleton bean 'parameterBuilder'
[2024-11-20 17:57:15:3733] DEBUG 37732 --- [  restartedMain] o.s.b.f.s.DefaultListableBeanFactory : Autowiring by type from bean name 'parameterBuilder' via factory method to bean named 'propertyResolverUtils'
[2024-11-20 17:57:15:3733] DEBUG 37732 --- [  restartedMain] o.s.b.f.s.DefaultListableBeanFactory : Autowiring by type from bean name 'parameterBuilder' via factory method to bean named 'springdocObjectMapperProvider'
[2024-11-20 17:57:15:3737] DEBUG 37732 --- [  restartedMain] o.s.b.f.s.DefaultListableBeanFactory : Creating shared instance of singleton bean 'requestBodyBuilder'
[2024-11-20 17:57:15:3738] DEBUG 37732 --- [  restartedMain] o.s.b.f.s.DefaultListableBeanFactory : Autowiring by type from bean name 'requestBodyBuilder' via factory method to bean named 'parameterBuilder'
[2024-11-20 17:57:15:3738] DEBUG 37732 --- [  restartedMain] o.s.b.f.s.DefaultListableBeanFactory : Autowiring by type from bean name 'requestBodyBuilder' via factory method to bean named 'propertyResolverUtils'
[2024-11-20 17:57:15:3739] DEBUG 37732 --- [  restartedMain] o.s.b.f.s.DefaultListableBeanFactory : Autowiring by type from bean name 'operationBuilder' via factory method to bean named 'parameterBuilder'
[2024-11-20 17:57:15:3740] DEBUG 37732 --- [  restartedMain] o.s.b.f.s.DefaultListableBeanFactory : Autowiring by type from bean name 'operationBuilder' via factory method to bean named 'requestBodyBuilder'
[2024-11-20 17:57:15:3740] DEBUG 37732 --- [  restartedMain] o.s.b.f.s.DefaultListableBeanFactory : Autowiring by type from bean name 'operationBuilder' via factory method to bean named 'securityParser'
[2024-11-20 17:57:15:3740] DEBUG 37732 --- [  restartedMain] o.s.b.f.s.DefaultListableBeanFactory : Autowiring by type from bean name 'operationBuilder' via factory method to bean named 'propertyResolverUtils'
[2024-11-20 17:57:15:3742] DEBUG 37732 --- [  restartedMain] o.s.b.f.s.DefaultListableBeanFactory : Creating shared instance of singleton bean 'genericReturnTypeParser'
[2024-11-20 17:57:15:3742] DEBUG 37732 --- [  restartedMain] o.s.b.f.s.DefaultListableBeanFactory : Creating shared instance of singleton bean 'propertiesResolverForSchema'
[2024-11-20 17:57:15:3743] DEBUG 37732 --- [  restartedMain] o.s.b.f.s.DefaultListableBeanFactory : Autowiring by type from bean name 'propertiesResolverForSchema' via factory method to bean named 'openAPIBuilder'
[2024-11-20 17:57:15:3744] DEBUG 37732 --- [  restartedMain] o.s.b.f.s.DefaultListableBeanFactory : Creating shared instance of singleton bean 'springDocProviders'
[2024-11-20 17:57:15:3745] DEBUG 37732 --- [  restartedMain] o.s.b.f.s.DefaultListableBeanFactory : Creating shared instance of singleton bean 'routerFunctionProvider'
[2024-11-20 17:57:15:3745] DEBUG 37732 --- [  restartedMain] o.s.b.f.s.DefaultListableBeanFactory : Creating shared instance of singleton bean 'org.springdoc.webmvc.core.configuration.SpringDocWebMvcConfiguration$SpringDocWebMvcRouterConfiguration'
[2024-11-20 17:57:15:3747] DEBUG 37732 --- [  restartedMain] o.s.b.f.s.DefaultListableBeanFactory : Autowiring by type from bean name 'springDocProviders' via factory method to bean named 'springdocObjectMapperProvider'
[2024-11-20 17:57:15:3750] DEBUG 37732 --- [  restartedMain] o.s.b.f.s.DefaultListableBeanFactory : Creating shared instance of singleton bean 'springDocCustomizers'
[2024-11-20 17:57:15:3754] DEBUG 37732 --- [  restartedMain] o.s.b.f.s.DefaultListableBeanFactory : Creating shared instance of singleton bean 'org.springdoc.core.configuration.SpringDocUIConfiguration'
[2024-11-20 17:57:15:3758] DEBUG 37732 --- [  restartedMain] o.s.b.f.s.DefaultListableBeanFactory : Creating shared instance of singleton bean 'openApiResource'
[2024-11-20 17:57:15:3758] DEBUG 37732 --- [  restartedMain] o.s.b.f.s.DefaultListableBeanFactory : Creating shared instance of singleton bean 'requestBuilder'
[2024-11-20 17:57:15:3760] DEBUG 37732 --- [  restartedMain] o.s.b.f.s.DefaultListableBeanFactory : Autowiring by type from bean name 'requestBuilder' via factory method to bean named 'parameterBuilder'
[2024-11-20 17:57:15:3760] DEBUG 37732 --- [  restartedMain] o.s.b.f.s.DefaultListableBeanFactory : Autowiring by type from bean name 'requestBuilder' via factory method to bean named 'requestBodyBuilder'
[2024-11-20 17:57:15:3760] DEBUG 37732 --- [  restartedMain] o.s.b.f.s.DefaultListableBeanFactory : Autowiring by type from bean name 'requestBuilder' via factory method to bean named 'operationBuilder'
[2024-11-20 17:57:15:3760] DEBUG 37732 --- [  restartedMain] o.s.b.f.s.DefaultListableBeanFactory : Autowiring by type from bean name 'requestBuilder' via factory method to bean named 'localSpringDocParameterNameDiscoverer'
[2024-11-20 17:57:15:3764] DEBUG 37732 --- [  restartedMain] o.s.b.f.s.DefaultListableBeanFactory : Creating shared instance of singleton bean 'responseBuilder'
[2024-11-20 17:57:15:3766] DEBUG 37732 --- [  restartedMain] o.s.b.f.s.DefaultListableBeanFactory : Autowiring by type from bean name 'responseBuilder' via factory method to bean named 'operationBuilder'
[2024-11-20 17:57:15:3767] DEBUG 37732 --- [  restartedMain] o.s.b.f.s.DefaultListableBeanFactory : Autowiring by type from bean name 'responseBuilder' via factory method to bean named 'genericReturnTypeParser'
[2024-11-20 17:57:15:3767] DEBUG 37732 --- [  restartedMain] o.s.b.f.s.DefaultListableBeanFactory : Autowiring by type from bean name 'responseBuilder' via factory method to bean named 'org.springdoc.core.properties.SpringDocConfigProperties'
[2024-11-20 17:57:15:3767] DEBUG 37732 --- [  restartedMain] o.s.b.f.s.DefaultListableBeanFactory : Autowiring by type from bean name 'responseBuilder' via factory method to bean named 'propertyResolverUtils'
[2024-11-20 17:57:15:3770] DEBUG 37732 --- [  restartedMain] o.s.b.f.s.DefaultListableBeanFactory : Autowiring by type from bean name 'openApiResource' via factory method to bean named 'requestBuilder'
[2024-11-20 17:57:15:3770] DEBUG 37732 --- [  restartedMain] o.s.b.f.s.DefaultListableBeanFactory : Autowiring by type from bean name 'openApiResource' via factory method to bean named 'responseBuilder'
