[2024-11-15 18:20:02:3658] INFO  17100 --- [  restartedMain] com.dhhan.demo.DemoApplication       : Started DemoApplication in 3.22 seconds (process running for 3.914)
[2024-11-15 18:20:02:3661] DEBUG 17100 --- [  restartedMain] o.s.b.a.ApplicationAvailabilityBean  : Application availability state LivenessState changed to CORRECT
[2024-11-15 18:20:02:3664] DEBUG 17100 --- [  restartedMain] o.s.boot.devtools.restart.Restarter  : Creating new Restarter for thread Thread[#1,main,5,main]
[2024-11-15 18:20:02:3665] DEBUG 17100 --- [  restartedMain] o.s.boot.devtools.restart.Restarter  : Immediately restarting application
[2024-11-15 18:20:02:3665] DEBUG 17100 --- [  restartedMain] o.s.boot.devtools.restart.Restarter  : Starting application com.dhhan.demo.DemoApplication with URLs [file:/D:/java/demo/target/classes/]
[2024-11-15 18:20:02:3667] DEBUG 17100 --- [  restartedMain] o.s.b.a.ApplicationAvailabilityBean  : Application availability state ReadinessState changed to ACCEPTING_TRAFFIC
[2024-11-15 18:20:07:8212] INFO  17100 --- [omcat-handler-0] o.a.c.c.C.[Tomcat].[localhost].[/]   : Initializing Spring DispatcherServlet 'dispatcherServlet'
[2024-11-15 18:20:07:8212] INFO  17100 --- [omcat-handler-0] o.s.web.servlet.DispatcherServlet    : Initializing Servlet 'dispatcherServlet'
[2024-11-15 18:20:07:8213] DEBUG 17100 --- [omcat-handler-0] o.s.web.servlet.DispatcherServlet    : Detected StandardServletMultipartResolver
[2024-11-15 18:20:07:8213] DEBUG 17100 --- [omcat-handler-0] o.s.web.servlet.DispatcherServlet    : Detected AcceptHeaderLocaleResolver
[2024-11-15 18:20:07:8213] DEBUG 17100 --- [omcat-handler-0] o.s.web.servlet.DispatcherServlet    : Detected FixedThemeResolver
[2024-11-15 18:20:07:8213] DEBUG 17100 --- [omcat-handler-0] o.s.web.servlet.DispatcherServlet    : Detected org.springframework.web.servlet.view.DefaultRequestToViewNameTranslator@26554070
[2024-11-15 18:20:07:8214] DEBUG 17100 --- [omcat-handler-0] o.s.web.servlet.DispatcherServlet    : Detected org.springframework.web.servlet.support.SessionFlashMapManager@3b0fd062
[2024-11-15 18:20:07:8214] DEBUG 17100 --- [omcat-handler-0] o.s.web.servlet.DispatcherServlet    : enableLoggingRequestDetails='false': request parameters and headers will be masked to prevent unsafe logging of potentially sensitive data
[2024-11-15 18:20:07:8214] INFO  17100 --- [omcat-handler-0] o.s.web.servlet.DispatcherServlet    : Completed initialization in 1 ms
[2024-11-15 18:20:07:8224] DEBUG 17100 --- [omcat-handler-0] o.s.web.servlet.DispatcherServlet    : GET "/test/memory", parameters={}
[2024-11-15 18:20:07:8236] DEBUG 17100 --- [omcat-handler-0] s.m.m.a.RequestMappingHandlerMapping : Mapped to com.dhhan.demo.controller.TestController#showMemoryInfo()
[2024-11-15 18:20:07:8255] INFO  17100 --- [omcat-handler-0] c.d.demo.controller.TestController   : ========== com.dhhan.demo.dto.MemoryInfo ==========
[2024-11-15 18:20:09:10602] INFO  17100 --- [omcat-handler-0] c.d.demo.controller.TestController   : {maxMemory: 4022, allocatedMemory: 48, freeMemory: 28, }
[2024-11-15 18:20:09:10602] INFO  17100 --- [omcat-handler-0] c.d.demo.controller.TestController   : ========== java.util.HashMap ==========
[2024-11-15 18:20:09:10603] INFO  17100 --- [omcat-handler-0] c.d.demo.controller.TestController   : List Item: {a: {maxMemory: 4022, allocatedMemory: 48, freeMemory: 28, }, 1: aaa, }
[2024-11-15 18:20:09:10603] INFO  17100 --- [omcat-handler-0] c.d.demo.controller.TestController   : ========== java.util.ArrayList ==========
[2024-11-15 18:20:09:10603] INFO  17100 --- [omcat-handler-0] c.d.demo.controller.TestController   : List Item: {{maxMemory: 4022, allocatedMemory: 48, freeMemory: 28, }, {maxMemory: 4022, allocatedMemory: 48, freeMemory: 28, }, {maxMemory: 4022, allocatedMemory: 48, freeMemory: 28, }, }
[2024-11-15 18:20:09:10603] INFO  17100 --- [omcat-handler-0] c.d.demo.controller.TestController   : ========== java.util.ArrayList ==========
[2024-11-15 18:20:09:10603] INFO  17100 --- [omcat-handler-0] c.d.demo.controller.TestController   : List Item: {List Item: {a: {maxMemory: 4022, allocatedMemory: 48, freeMemory: 28, }, 1: aaa, }, List Item: {a: {maxMemory: 4022, allocatedMemory: 48, freeMemory: 28, }, 1: aaa, }, }
[2024-11-15 18:20:09:10636] DEBUG 17100 --- [omcat-handler-0] a.RequestResponseBodyMethodProcessor : Using 'application/json;q=0.8', given [text/html, application/xhtml+xml, image/avif, image/webp, image/apng, application/xml;q=0.9, */*;q=0.8, application/signed-exchange;v=b3;q=0.7] and supported [application/json, application/*+json]
[2024-11-15 18:20:09:10637] DEBUG 17100 --- [omcat-handler-0] a.RequestResponseBodyMethodProcessor : Writing [com.dhhan.demo.dto.response.CustomResponse@546a34d8]
[2024-11-15 18:20:09:10651] DEBUG 17100 --- [omcat-handler-0] o.s.web.servlet.DispatcherServlet    : Completed 200 OK
