[2024-11-20 17:57:09:82499] DEBUG 41716 --- [ionShutdownHook] o.s.b.a.ApplicationAvailabilityBean  : Application availability state ReadinessState changed from ACCEPTING_TRAFFIC to REFUSING_TRAFFIC
[2024-11-20 17:57:09:82500] DEBUG 41716 --- [ionShutdownHook] igServletWebServerApplicationContext : Closing org.springframework.boot.web.servlet.context.AnnotationConfigServletWebServerApplicationContext@611627e7, started on Wed Nov 20 17:55:48 KST 2024
[2024-11-20 17:57:09:82502] DEBUG 41716 --- [ionShutdownHook] o.s.c.s.DefaultLifecycleProcessor    : Stopping beans in phase 2147482623
[2024-11-20 17:57:09:82504] DEBUG 41716 --- [ionShutdownHook] o.s.c.s.DefaultLifecycleProcessor    : Bean 'webServerGracefulShutdown' completed its stop procedure
[2024-11-20 17:57:09:82505] DEBUG 41716 --- [ionShutdownHook] o.s.c.s.DefaultLifecycleProcessor    : Stopping beans in phase 2147481599
[2024-11-20 17:57:09:82554] DEBUG 41716 --- [ionShutdownHook] o.s.c.s.DefaultLifecycleProcessor    : Bean 'webServerStartStop' completed its stop procedure
[2024-11-20 17:57:09:82554] DEBUG 41716 --- [ionShutdownHook] o.s.c.s.DefaultLifecycleProcessor    : Stopping beans in phase -2147483647
[2024-11-20 17:57:09:82554] DEBUG 41716 --- [ionShutdownHook] o.s.c.s.DefaultLifecycleProcessor    : Bean 'springBootLoggingLifecycle' completed its stop procedure
[2024-11-20 17:57:13:1180] INFO  37732 --- [  restartedMain] com.dhhan.demo.DemoApplication       : Starting DemoApplication using Java 23.0.1 with PID 37732 (D:\java\demo\target\classes started by dhhan in D:\java\demo)
[2024-11-20 17:57:13:1182] DEBUG 37732 --- [  restartedMain] com.dhhan.demo.DemoApplication       : Running with Spring Boot v3.3.5, Spring v6.1.14
[2024-11-20 17:57:13:1183] INFO  37732 --- [  restartedMain] com.dhhan.demo.DemoApplication       : No active profile set, falling back to 1 default profile: "default"
[2024-11-20 17:57:13:1184] DEBUG 37732 --- [  restartedMain] o.s.boot.SpringApplication           : Loading source class com.dhhan.demo.DemoApplication
[2024-11-20 17:57:13:1264] DEBUG 37732 --- [  restartedMain] o.s.b.d.restart.ChangeableUrls       : Matching URLs for reloading : [file:/D:/java/demo/target/classes/]
[2024-11-20 17:57:13:1264] DEBUG 37732 --- [  restartedMain] o.s.b.d.settings.DevToolsSettings    : Included patterns for restart : []
[2024-11-20 17:57:13:1264] DEBUG 37732 --- [  restartedMain] o.s.b.d.settings.DevToolsSettings    : Excluded patterns for restart : [/spring-boot-starter-[\w-]+/, /spring-boot/(bin|build|out)/, /spring-boot-starter/(bin|build|out)/, /spring-boot-devtools/(bin|build|out)/, /spring-boot-actuator/(bin|build|out)/, /spring-boot-autoconfigure/(bin|build|out)/]
[2024-11-20 17:57:13:1264] INFO  37732 --- [  restartedMain] evToolsPropertyDefaultsPostProcessor : Devtools property defaults active! Set 'spring.devtools.add-properties' to 'false' to disable
[2024-11-20 17:57:13:1264] INFO  37732 --- [  restartedMain] evToolsPropertyDefaultsPostProcessor : For additional web related logging consider setting the 'logging.level.web' property to 'DEBUG'
[2024-11-20 17:57:13:1265] DEBUG 37732 --- [  restartedMain] igServletWebServerApplicationContext : Refreshing org.springframework.boot.web.servlet.context.AnnotationConfigServletWebServerApplicationContext@611627e7
[2024-11-20 17:57:13:1299] DEBUG 37732 --- [  restartedMain] o.s.b.f.s.DefaultListableBeanFactory : Creating shared instance of singleton bean 'org.springframework.context.annotation.internalConfigurationAnnotationProcessor'
[2024-11-20 17:57:13:1315] DEBUG 37732 --- [  restartedMain] o.s.b.f.s.DefaultListableBeanFactory : Creating shared instance of singleton bean 'org.springframework.boot.autoconfigure.internalCachingMetadataReaderFactory'
[2024-11-20 17:57:13:1499] DEBUG 37732 --- [  restartedMain] s.c.a.ClassPathBeanDefinitionScanner : Identified candidate component class: file [D:\java\demo\target\classes\com\dhhan\demo\aop\ControllerErrorAdivce.class]
[2024-11-20 17:57:13:1504] DEBUG 37732 --- [  restartedMain] s.c.a.ClassPathBeanDefinitionScanner : Identified candidate component class: file [D:\java\demo\target\classes\com\dhhan\demo\config\InterceptorConfig.class]
[2024-11-20 17:57:13:1505] DEBUG 37732 --- [  restartedMain] s.c.a.ClassPathBeanDefinitionScanner : Identified candidate component class: file [D:\java\demo\target\classes\com\dhhan\demo\config\OpenApiConfig.class]
[2024-11-20 17:57:13:1532] DEBUG 37732 --- [  restartedMain] s.c.a.ClassPathBeanDefinitionScanner : Identified candidate component class: file [D:\java\demo\target\classes\com\dhhan\demo\controller\SampleController.class]
[2024-11-20 17:57:13:1534] DEBUG 37732 --- [  restartedMain] s.c.a.ClassPathBeanDefinitionScanner : Identified candidate component class: file [D:\java\demo\target\classes\com\dhhan\demo\controller\TestController.class]
[2024-11-20 17:57:13:1537] DEBUG 37732 --- [  restartedMain] s.c.a.ClassPathBeanDefinitionScanner : Identified candidate component class: file [D:\java\demo\target\classes\com\dhhan\demo\interceptor\CommonInterceptor.class]
[2024-11-20 17:57:14:2451] DEBUG 37732 --- [  restartedMain] o.s.b.f.s.DefaultListableBeanFactory : Creating shared instance of singleton bean 'propertySourcesPlaceholderConfigurer'
[2024-11-20 17:57:14:2456] DEBUG 37732 --- [  restartedMain] o.s.b.f.s.DefaultListableBeanFactory : Creating shared instance of singleton bean 'org.springframework.boot.sql.init.dependency.DatabaseInitializationDependencyConfigurer$DependsOnDatabaseInitializationPostProcessor'
[2024-11-20 17:57:14:2465] DEBUG 37732 --- [  restartedMain] o.s.b.f.s.DefaultListableBeanFactory : Creating shared instance of singleton bean 'org.springframework.context.event.internalEventListenerProcessor'
[2024-11-20 17:57:14:2466] DEBUG 37732 --- [  restartedMain] o.s.b.f.s.DefaultListableBeanFactory : Creating shared instance of singleton bean 'preserveErrorControllerTargetClassPostProcessor'
[2024-11-20 17:57:14:2467] DEBUG 37732 --- [  restartedMain] o.s.b.f.s.DefaultListableBeanFactory : Creating shared instance of singleton bean 'forceAutoProxyCreatorToUseClassProxying'
[2024-11-20 17:57:14:2467] DEBUG 37732 --- [  restartedMain] o.s.b.f.s.DefaultListableBeanFactory : Creating shared instance of singleton bean 'org.springframework.context.event.internalEventListenerFactory'
[2024-11-20 17:57:14:2473] DEBUG 37732 --- [  restartedMain] o.s.b.f.s.DefaultListableBeanFactory : Creating shared instance of singleton bean 'org.springframework.context.annotation.internalAutowiredAnnotationProcessor'
[2024-11-20 17:57:14:2474] DEBUG 37732 --- [  restartedMain] o.s.b.f.s.DefaultListableBeanFactory : Creating shared instance of singleton bean 'org.springframework.context.annotation.internalCommonAnnotationProcessor'
[2024-11-20 17:57:14:2477] DEBUG 37732 --- [  restartedMain] o.s.b.f.s.DefaultListableBeanFactory : Creating shared instance of singleton bean 'org.springframework.boot.context.properties.ConfigurationPropertiesBindingPostProcessor'
[2024-11-20 17:57:14:2477] DEBUG 37732 --- [  restartedMain] o.s.b.f.s.DefaultListableBeanFactory : Creating shared instance of singleton bean 'org.springframework.boot.context.internalConfigurationPropertiesBinder'
[2024-11-20 17:57:14:2480] DEBUG 37732 --- [  restartedMain] o.s.b.f.s.DefaultListableBeanFactory : Creating shared instance of singleton bean 'org.springframework.aop.config.internalAutoProxyCreator'
[2024-11-20 17:57:14:2491] DEBUG 37732 --- [  restartedMain] o.s.b.f.s.DefaultListableBeanFactory : Creating shared instance of singleton bean 'webServerFactoryCustomizerBeanPostProcessor'
[2024-11-20 17:57:14:2492] DEBUG 37732 --- [  restartedMain] o.s.b.f.s.DefaultListableBeanFactory : Creating shared instance of singleton bean 'errorPageRegistrarBeanPostProcessor'
[2024-11-20 17:57:14:2494] DEBUG 37732 --- [  restartedMain] o.s.u.c.s.UiApplicationContextUtils  : Unable to locate ThemeSource with name 'themeSource': using default [org.springframework.ui.context.support.ResourceBundleThemeSource@1fd7c114]
[2024-11-20 17:57:14:2495] DEBUG 37732 --- [  restartedMain] o.s.b.f.s.DefaultListableBeanFactory : Creating shared instance of singleton bean 'tomcatServletWebServerFactory'
[2024-11-20 17:57:14:2495] DEBUG 37732 --- [  restartedMain] o.s.b.f.s.DefaultListableBeanFactory : Creating shared instance of singleton bean 'org.springframework.boot.autoconfigure.web.servlet.ServletWebServerFactoryConfiguration$EmbeddedTomcat'
[2024-11-20 17:57:14:2525] DEBUG 37732 --- [  restartedMain] o.s.b.f.s.DefaultListableBeanFactory : Creating shared instance of singleton bean 'websocketServletWebServerCustomizer'
[2024-11-20 17:57:14:2526] DEBUG 37732 --- [  restartedMain] o.s.b.f.s.DefaultListableBeanFactory : Creating shared instance of singleton bean 'org.springframework.boot.autoconfigure.websocket.servlet.WebSocketServletAutoConfiguration$TomcatWebSocketConfiguration'
[2024-11-20 17:57:14:2527] DEBUG 37732 --- [  restartedMain] o.s.b.f.s.DefaultListableBeanFactory : Creating shared instance of singleton bean 'servletWebServerFactoryCustomizer'
[2024-11-20 17:57:14:2527] DEBUG 37732 --- [  restartedMain] o.s.b.f.s.DefaultListableBeanFactory : Creating shared instance of singleton bean 'org.springframework.boot.autoconfigure.web.servlet.ServletWebServerFactoryAutoConfiguration'
[2024-11-20 17:57:14:2533] DEBUG 37732 --- [  restartedMain] o.s.b.f.s.DefaultListableBeanFactory : Creating shared instance of singleton bean 'server-org.springframework.boot.autoconfigure.web.ServerProperties'
[2024-11-20 17:57:14:2541] DEBUG 37732 --- [  restartedMain] o.s.b.f.s.DefaultListableBeanFactory : Creating shared instance of singleton bean 'org.springframework.boot.context.properties.BoundConfigurationProperties'
[2024-11-20 17:57:14:2561] DEBUG 37732 --- [  restartedMain] o.s.b.f.s.DefaultListableBeanFactory : Autowiring by type from bean name 'servletWebServerFactoryCustomizer' via factory method to bean named 'server-org.springframework.boot.autoconfigure.web.ServerProperties'
[2024-11-20 17:57:14:2564] DEBUG 37732 --- [  restartedMain] o.s.b.f.s.DefaultListableBeanFactory : Creating shared instance of singleton bean 'sslBundleRegistry'
[2024-11-20 17:57:14:2564] DEBUG 37732 --- [  restartedMain] o.s.b.f.s.DefaultListableBeanFactory : Creating shared instance of singleton bean 'org.springframework.boot.autoconfigure.ssl.SslAutoConfiguration'
[2024-11-20 17:57:14:2566] DEBUG 37732 --- [  restartedMain] o.s.b.f.s.DefaultListableBeanFactory : Creating shared instance of singleton bean 'spring.ssl-org.springframework.boot.autoconfigure.ssl.SslProperties'
[2024-11-20 17:57:14:2567] DEBUG 37732 --- [  restartedMain] o.s.b.f.s.DefaultListableBeanFactory : Autowiring by type from bean name 'org.springframework.boot.autoconfigure.ssl.SslAutoConfiguration' via constructor to bean named 'org.springframework.boot.web.servlet.context.AnnotationConfigServletWebServerApplicationContext@611627e7'
[2024-11-20 17:57:14:2567] DEBUG 37732 --- [  restartedMain] o.s.b.f.s.DefaultListableBeanFactory : Autowiring by type from bean name 'org.springframework.boot.autoconfigure.ssl.SslAutoConfiguration' via constructor to bean named 'spring.ssl-org.springframework.boot.autoconfigure.ssl.SslProperties'
[2024-11-20 17:57:14:2570] DEBUG 37732 --- [  restartedMain] o.s.b.f.s.DefaultListableBeanFactory : Creating shared instance of singleton bean 'sslPropertiesSslBundleRegistrar'
[2024-11-20 17:57:14:2571] DEBUG 37732 --- [  restartedMain] o.s.b.f.s.DefaultListableBeanFactory : Creating shared instance of singleton bean 'fileWatcher'
