[2024-11-15 18:20:00:1365] INFO  17100 --- [  restartedMain] com.dhhan.demo.DemoApplication       : Starting DemoApplication using Java 23.0.1 with PID 17100 (D:\java\demo\target\classes started by dhhan in D:\java\demo)
[2024-11-15 18:20:00:1377] DEBUG 17100 --- [  restartedMain] com.dhhan.demo.DemoApplication       : Running with Spring Boot v3.3.5, Spring v6.1.14
[2024-11-15 18:20:00:1378] INFO  17100 --- [  restartedMain] com.dhhan.demo.DemoApplication       : No active profile set, falling back to 1 default profile: "default"
[2024-11-15 18:20:00:1380] DEBUG 17100 --- [  restartedMain] o.s.boot.SpringApplication           : Loading source class com.dhhan.demo.DemoApplication
[2024-11-15 18:20:00:1487] DEBUG 17100 --- [  restartedMain] o.s.b.d.restart.ChangeableUrls       : Matching URLs for reloading : [file:/D:/java/demo/target/classes/]
[2024-11-15 18:20:00:1493] DEBUG 17100 --- [  restartedMain] o.s.b.d.settings.DevToolsSettings    : Included patterns for restart : []
[2024-11-15 18:20:00:1493] DEBUG 17100 --- [  restartedMain] o.s.b.d.settings.DevToolsSettings    : Excluded patterns for restart : [/spring-boot-starter-[\w-]+/, /spring-boot/(bin|build|out)/, /spring-boot-starter/(bin|build|out)/, /spring-boot-devtools/(bin|build|out)/, /spring-boot-actuator/(bin|build|out)/, /spring-boot-autoconfigure/(bin|build|out)/]
[2024-11-15 18:20:00:1493] INFO  17100 --- [  restartedMain] evToolsPropertyDefaultsPostProcessor : Devtools property defaults active! Set 'spring.devtools.add-properties' to 'false' to disable
[2024-11-15 18:20:00:1493] INFO  17100 --- [  restartedMain] evToolsPropertyDefaultsPostProcessor : For additional web related logging consider setting the 'logging.level.web' property to 'DEBUG'
[2024-11-15 18:20:00:1494] DEBUG 17100 --- [  restartedMain] igServletWebServerApplicationContext : Refreshing org.springframework.boot.web.servlet.context.AnnotationConfigServletWebServerApplicationContext@11ef1c53
[2024-11-15 18:20:00:1536] DEBUG 17100 --- [  restartedMain] o.s.b.f.s.DefaultListableBeanFactory : Creating shared instance of singleton bean 'org.springframework.context.annotation.internalConfigurationAnnotationProcessor'
[2024-11-15 18:20:00:1577] DEBUG 17100 --- [  restartedMain] o.s.b.f.s.DefaultListableBeanFactory : Creating shared instance of singleton bean 'org.springframework.boot.autoconfigure.internalCachingMetadataReaderFactory'
[2024-11-15 18:20:01:1738] DEBUG 17100 --- [  restartedMain] s.c.a.ClassPathBeanDefinitionScanner : Identified candidate component class: file [D:\java\demo\target\classes\com\dhhan\demo\aop\ControllerErrorAdivce.class]
[2024-11-15 18:20:01:1772] DEBUG 17100 --- [  restartedMain] s.c.a.ClassPathBeanDefinitionScanner : Identified candidate component class: file [D:\java\demo\target\classes\com\dhhan\demo\controller\TestController.class]
[2024-11-15 18:20:01:1783] DEBUG 17100 --- [  restartedMain] s.c.a.ClassPathBeanDefinitionScanner : Identified candidate component class: file [D:\java\demo\target\classes\com\dhhan\demo\interceptor\CommonInterceptor.class]
[2024-11-15 18:20:01:1785] DEBUG 17100 --- [  restartedMain] s.c.a.ClassPathBeanDefinitionScanner : Identified candidate component class: file [D:\java\demo\target\classes\com\dhhan\demo\interceptor\InterceptorConfig.class]
[2024-11-15 18:20:01:2575] DEBUG 17100 --- [  restartedMain] o.s.b.f.s.DefaultListableBeanFactory : Creating shared instance of singleton bean 'propertySourcesPlaceholderConfigurer'
[2024-11-15 18:20:01:2582] DEBUG 17100 --- [  restartedMain] o.s.b.f.s.DefaultListableBeanFactory : Creating shared instance of singleton bean 'org.springframework.boot.sql.init.dependency.DatabaseInitializationDependencyConfigurer$DependsOnDatabaseInitializationPostProcessor'
[2024-11-15 18:20:01:2590] DEBUG 17100 --- [  restartedMain] o.s.b.f.s.DefaultListableBeanFactory : Creating shared instance of singleton bean 'org.springframework.context.event.internalEventListenerProcessor'
[2024-11-15 18:20:01:2591] DEBUG 17100 --- [  restartedMain] o.s.b.f.s.DefaultListableBeanFactory : Creating shared instance of singleton bean 'preserveErrorControllerTargetClassPostProcessor'
[2024-11-15 18:20:01:2592] DEBUG 17100 --- [  restartedMain] o.s.b.f.s.DefaultListableBeanFactory : Creating shared instance of singleton bean 'forceAutoProxyCreatorToUseClassProxying'
[2024-11-15 18:20:01:2593] DEBUG 17100 --- [  restartedMain] o.s.b.f.s.DefaultListableBeanFactory : Creating shared instance of singleton bean 'org.springframework.context.event.internalEventListenerFactory'
[2024-11-15 18:20:01:2598] DEBUG 17100 --- [  restartedMain] o.s.b.f.s.DefaultListableBeanFactory : Creating shared instance of singleton bean 'org.springframework.context.annotation.internalAutowiredAnnotationProcessor'
[2024-11-15 18:20:01:2599] DEBUG 17100 --- [  restartedMain] o.s.b.f.s.DefaultListableBeanFactory : Creating shared instance of singleton bean 'org.springframework.context.annotation.internalCommonAnnotationProcessor'
[2024-11-15 18:20:01:2602] DEBUG 17100 --- [  restartedMain] o.s.b.f.s.DefaultListableBeanFactory : Creating shared instance of singleton bean 'org.springframework.boot.context.properties.ConfigurationPropertiesBindingPostProcessor'
[2024-11-15 18:20:01:2602] DEBUG 17100 --- [  restartedMain] o.s.b.f.s.DefaultListableBeanFactory : Creating shared instance of singleton bean 'org.springframework.boot.context.internalConfigurationPropertiesBinder'
[2024-11-15 18:20:01:2604] DEBUG 17100 --- [  restartedMain] o.s.b.f.s.DefaultListableBeanFactory : Creating shared instance of singleton bean 'org.springframework.aop.config.internalAutoProxyCreator'
[2024-11-15 18:20:01:2615] DEBUG 17100 --- [  restartedMain] o.s.b.f.s.DefaultListableBeanFactory : Creating shared instance of singleton bean 'webServerFactoryCustomizerBeanPostProcessor'
[2024-11-15 18:20:01:2616] DEBUG 17100 --- [  restartedMain] o.s.b.f.s.DefaultListableBeanFactory : Creating shared instance of singleton bean 'errorPageRegistrarBeanPostProcessor'
[2024-11-15 18:20:01:2619] DEBUG 17100 --- [  restartedMain] o.s.u.c.s.UiApplicationContextUtils  : Unable to locate ThemeSource with name 'themeSource': using default [org.springframework.ui.context.support.ResourceBundleThemeSource@30e251c1]
[2024-11-15 18:20:01:2619] DEBUG 17100 --- [  restartedMain] o.s.b.f.s.DefaultListableBeanFactory : Creating shared instance of singleton bean 'tomcatServletWebServerFactory'
[2024-11-15 18:20:01:2620] DEBUG 17100 --- [  restartedMain] o.s.b.f.s.DefaultListableBeanFactory : Creating shared instance of singleton bean 'org.springframework.boot.autoconfigure.web.servlet.ServletWebServerFactoryConfiguration$EmbeddedTomcat'
[2024-11-15 18:20:01:2656] DEBUG 17100 --- [  restartedMain] o.s.b.f.s.DefaultListableBeanFactory : Creating shared instance of singleton bean 'websocketServletWebServerCustomizer'
[2024-11-15 18:20:01:2657] DEBUG 17100 --- [  restartedMain] o.s.b.f.s.DefaultListableBeanFactory : Creating shared instance of singleton bean 'org.springframework.boot.autoconfigure.websocket.servlet.WebSocketServletAutoConfiguration$TomcatWebSocketConfiguration'
[2024-11-15 18:20:01:2659] DEBUG 17100 --- [  restartedMain] o.s.b.f.s.DefaultListableBeanFactory : Creating shared instance of singleton bean 'servletWebServerFactoryCustomizer'
[2024-11-15 18:20:01:2659] DEBUG 17100 --- [  restartedMain] o.s.b.f.s.DefaultListableBeanFactory : Creating shared instance of singleton bean 'org.springframework.boot.autoconfigure.web.servlet.ServletWebServerFactoryAutoConfiguration'
[2024-11-15 18:20:01:2665] DEBUG 17100 --- [  restartedMain] o.s.b.f.s.DefaultListableBeanFactory : Creating shared instance of singleton bean 'server-org.springframework.boot.autoconfigure.web.ServerProperties'
[2024-11-15 18:20:01:2675] DEBUG 17100 --- [  restartedMain] o.s.b.f.s.DefaultListableBeanFactory : Creating shared instance of singleton bean 'org.springframework.boot.context.properties.BoundConfigurationProperties'
[2024-11-15 18:20:01:2713] DEBUG 17100 --- [  restartedMain] o.s.b.f.s.DefaultListableBeanFactory : Autowiring by type from bean name 'servletWebServerFactoryCustomizer' via factory method to bean named 'server-org.springframework.boot.autoconfigure.web.ServerProperties'
[2024-11-15 18:20:01:2717] DEBUG 17100 --- [  restartedMain] o.s.b.f.s.DefaultListableBeanFactory : Creating shared instance of singleton bean 'sslBundleRegistry'
[2024-11-15 18:20:01:2717] DEBUG 17100 --- [  restartedMain] o.s.b.f.s.DefaultListableBeanFactory : Creating shared instance of singleton bean 'org.springframework.boot.autoconfigure.ssl.SslAutoConfiguration'
[2024-11-15 18:20:01:2719] DEBUG 17100 --- [  restartedMain] o.s.b.f.s.DefaultListableBeanFactory : Creating shared instance of singleton bean 'spring.ssl-org.springframework.boot.autoconfigure.ssl.SslProperties'
[2024-11-15 18:20:01:2722] DEBUG 17100 --- [  restartedMain] o.s.b.f.s.DefaultListableBeanFactory : Autowiring by type from bean name 'org.springframework.boot.autoconfigure.ssl.SslAutoConfiguration' via constructor to bean named 'org.springframework.boot.web.servlet.context.AnnotationConfigServletWebServerApplicationContext@11ef1c53'
[2024-11-15 18:20:01:2722] DEBUG 17100 --- [  restartedMain] o.s.b.f.s.DefaultListableBeanFactory : Autowiring by type from bean name 'org.springframework.boot.autoconfigure.ssl.SslAutoConfiguration' via constructor to bean named 'spring.ssl-org.springframework.boot.autoconfigure.ssl.SslProperties'
[2024-11-15 18:20:02:2727] DEBUG 17100 --- [  restartedMain] o.s.b.f.s.DefaultListableBeanFactory : Creating shared instance of singleton bean 'sslPropertiesSslBundleRegistrar'
[2024-11-15 18:20:02:2727] DEBUG 17100 --- [  restartedMain] o.s.b.f.s.DefaultListableBeanFactory : Creating shared instance of singleton bean 'fileWatcher'
[2024-11-15 18:20:02:2729] DEBUG 17100 --- [  restartedMain] o.s.b.f.s.DefaultListableBeanFactory : Autowiring by type from bean name 'sslPropertiesSslBundleRegistrar' via factory method to bean named 'fileWatcher'
[2024-11-15 18:20:02:2739] DEBUG 17100 --- [  restartedMain] o.s.b.f.s.DefaultListableBeanFactory : Creating shared instance of singleton bean 'tomcatServletWebServerFactoryCustomizer'
[2024-11-15 18:20:02:2740] DEBUG 17100 --- [  restartedMain] o.s.b.f.s.DefaultListableBeanFactory : Autowiring by type from bean name 'tomcatServletWebServerFactoryCustomizer' via factory method to bean named 'server-org.springframework.boot.autoconfigure.web.ServerProperties'
