[2024-11-20 17:55:43:304303] DEBUG 32424 --- [ionShutdownHook] o.s.b.a.ApplicationAvailabilityBean  : Application availability state ReadinessState changed from ACCEPTING_TRAFFIC to REFUSING_TRAFFIC
[2024-11-20 17:55:43:304304] DEBUG 32424 --- [ionShutdownHook] igServletWebServerApplicationContext : Closing org.springframework.boot.web.servlet.context.AnnotationConfigServletWebServerApplicationContext@611627e7, started on Wed Nov 20 17:50:40 KST 2024
[2024-11-20 17:55:43:304306] DEBUG 32424 --- [ionShutdownHook] o.s.c.s.DefaultLifecycleProcessor    : Stopping beans in phase 2147482623
[2024-11-20 17:55:43:304307] DEBUG 32424 --- [ionShutdownHook] o.s.c.s.DefaultLifecycleProcessor    : Bean 'webServerGracefulShutdown' completed its stop procedure
[2024-11-20 17:55:43:304312] DEBUG 32424 --- [ionShutdownHook] o.s.c.s.DefaultLifecycleProcessor    : Stopping beans in phase 2147481599
[2024-11-20 17:55:43:304361] DEBUG 32424 --- [ionShutdownHook] o.s.c.s.DefaultLifecycleProcessor    : Bean 'webServerStartStop' completed its stop procedure
[2024-11-20 17:55:43:304361] DEBUG 32424 --- [ionShutdownHook] o.s.c.s.DefaultLifecycleProcessor    : Stopping beans in phase -2147483647
[2024-11-20 17:55:43:304361] DEBUG 32424 --- [ionShutdownHook] o.s.c.s.DefaultLifecycleProcessor    : Bean 'springBootLoggingLifecycle' completed its stop procedure
[2024-11-20 17:55:48:1202] INFO  41716 --- [  restartedMain] com.dhhan.demo.DemoApplication       : Starting DemoApplication using Java 23.0.1 with PID 41716 (D:\java\demo\target\classes started by dhhan in D:\java\demo)
[2024-11-20 17:55:48:1204] DEBUG 41716 --- [  restartedMain] com.dhhan.demo.DemoApplication       : Running with Spring Boot v3.3.5, Spring v6.1.14
[2024-11-20 17:55:48:1205] INFO  41716 --- [  restartedMain] com.dhhan.demo.DemoApplication       : No active profile set, falling back to 1 default profile: "default"
[2024-11-20 17:55:48:1206] DEBUG 41716 --- [  restartedMain] o.s.boot.SpringApplication           : Loading source class com.dhhan.demo.DemoApplication
[2024-11-20 17:55:48:1284] DEBUG 41716 --- [  restartedMain] o.s.b.d.restart.ChangeableUrls       : Matching URLs for reloading : [file:/D:/java/demo/target/classes/]
[2024-11-20 17:55:48:1284] DEBUG 41716 --- [  restartedMain] o.s.b.d.settings.DevToolsSettings    : Included patterns for restart : []
[2024-11-20 17:55:48:1284] DEBUG 41716 --- [  restartedMain] o.s.b.d.settings.DevToolsSettings    : Excluded patterns for restart : [/spring-boot-starter-[\w-]+/, /spring-boot/(bin|build|out)/, /spring-boot-starter/(bin|build|out)/, /spring-boot-devtools/(bin|build|out)/, /spring-boot-actuator/(bin|build|out)/, /spring-boot-autoconfigure/(bin|build|out)/]
[2024-11-20 17:55:48:1284] INFO  41716 --- [  restartedMain] evToolsPropertyDefaultsPostProcessor : Devtools property defaults active! Set 'spring.devtools.add-properties' to 'false' to disable
[2024-11-20 17:55:48:1284] INFO  41716 --- [  restartedMain] evToolsPropertyDefaultsPostProcessor : For additional web related logging consider setting the 'logging.level.web' property to 'DEBUG'
[2024-11-20 17:55:48:1285] DEBUG 41716 --- [  restartedMain] igServletWebServerApplicationContext : Refreshing org.springframework.boot.web.servlet.context.AnnotationConfigServletWebServerApplicationContext@611627e7
[2024-11-20 17:55:48:1313] DEBUG 41716 --- [  restartedMain] o.s.b.f.s.DefaultListableBeanFactory : Creating shared instance of singleton bean 'org.springframework.context.annotation.internalConfigurationAnnotationProcessor'
[2024-11-20 17:55:48:1330] DEBUG 41716 --- [  restartedMain] o.s.b.f.s.DefaultListableBeanFactory : Creating shared instance of singleton bean 'org.springframework.boot.autoconfigure.internalCachingMetadataReaderFactory'
[2024-11-20 17:55:48:1449] DEBUG 41716 --- [  restartedMain] s.c.a.ClassPathBeanDefinitionScanner : Identified candidate component class: file [D:\java\demo\target\classes\com\dhhan\demo\aop\ControllerErrorAdivce.class]
[2024-11-20 17:55:48:1454] DEBUG 41716 --- [  restartedMain] s.c.a.ClassPathBeanDefinitionScanner : Identified candidate component class: file [D:\java\demo\target\classes\com\dhhan\demo\config\InterceptorConfig.class]
[2024-11-20 17:55:48:1455] DEBUG 41716 --- [  restartedMain] s.c.a.ClassPathBeanDefinitionScanner : Identified candidate component class: file [D:\java\demo\target\classes\com\dhhan\demo\config\OpenApiConfig.class]
[2024-11-20 17:55:48:1472] DEBUG 41716 --- [  restartedMain] s.c.a.ClassPathBeanDefinitionScanner : Identified candidate component class: file [D:\java\demo\target\classes\com\dhhan\demo\controller\SampleController.class]
[2024-11-20 17:55:48:1473] DEBUG 41716 --- [  restartedMain] s.c.a.ClassPathBeanDefinitionScanner : Identified candidate component class: file [D:\java\demo\target\classes\com\dhhan\demo\controller\TestController.class]
[2024-11-20 17:55:48:1475] DEBUG 41716 --- [  restartedMain] s.c.a.ClassPathBeanDefinitionScanner : Identified candidate component class: file [D:\java\demo\target\classes\com\dhhan\demo\interceptor\CommonInterceptor.class]
[2024-11-20 17:55:48:2148] DEBUG 41716 --- [  restartedMain] o.s.b.f.s.DefaultListableBeanFactory : Creating shared instance of singleton bean 'propertySourcesPlaceholderConfigurer'
[2024-11-20 17:55:48:2152] DEBUG 41716 --- [  restartedMain] o.s.b.f.s.DefaultListableBeanFactory : Creating shared instance of singleton bean 'org.springframework.boot.sql.init.dependency.DatabaseInitializationDependencyConfigurer$DependsOnDatabaseInitializationPostProcessor'
[2024-11-20 17:55:49:2163] DEBUG 41716 --- [  restartedMain] o.s.b.f.s.DefaultListableBeanFactory : Creating shared instance of singleton bean 'org.springframework.context.event.internalEventListenerProcessor'
[2024-11-20 17:55:49:2164] DEBUG 41716 --- [  restartedMain] o.s.b.f.s.DefaultListableBeanFactory : Creating shared instance of singleton bean 'preserveErrorControllerTargetClassPostProcessor'
[2024-11-20 17:55:49:2165] DEBUG 41716 --- [  restartedMain] o.s.b.f.s.DefaultListableBeanFactory : Creating shared instance of singleton bean 'forceAutoProxyCreatorToUseClassProxying'
[2024-11-20 17:55:49:2166] DEBUG 41716 --- [  restartedMain] o.s.b.f.s.DefaultListableBeanFactory : Creating shared instance of singleton bean 'org.springframework.context.event.internalEventListenerFactory'
[2024-11-20 17:55:49:2171] DEBUG 41716 --- [  restartedMain] o.s.b.f.s.DefaultListableBeanFactory : Creating shared instance of singleton bean 'org.springframework.context.annotation.internalAutowiredAnnotationProcessor'
[2024-11-20 17:55:49:2173] DEBUG 41716 --- [  restartedMain] o.s.b.f.s.DefaultListableBeanFactory : Creating shared instance of singleton bean 'org.springframework.context.annotation.internalCommonAnnotationProcessor'
[2024-11-20 17:55:49:2176] DEBUG 41716 --- [  restartedMain] o.s.b.f.s.DefaultListableBeanFactory : Creating shared instance of singleton bean 'org.springframework.boot.context.properties.ConfigurationPropertiesBindingPostProcessor'
[2024-11-20 17:55:49:2176] DEBUG 41716 --- [  restartedMain] o.s.b.f.s.DefaultListableBeanFactory : Creating shared instance of singleton bean 'org.springframework.boot.context.internalConfigurationPropertiesBinder'
[2024-11-20 17:55:49:2178] DEBUG 41716 --- [  restartedMain] o.s.b.f.s.DefaultListableBeanFactory : Creating shared instance of singleton bean 'org.springframework.aop.config.internalAutoProxyCreator'
[2024-11-20 17:55:49:2189] DEBUG 41716 --- [  restartedMain] o.s.b.f.s.DefaultListableBeanFactory : Creating shared instance of singleton bean 'webServerFactoryCustomizerBeanPostProcessor'
[2024-11-20 17:55:49:2191] DEBUG 41716 --- [  restartedMain] o.s.b.f.s.DefaultListableBeanFactory : Creating shared instance of singleton bean 'errorPageRegistrarBeanPostProcessor'
[2024-11-20 17:55:49:2195] DEBUG 41716 --- [  restartedMain] o.s.u.c.s.UiApplicationContextUtils  : Unable to locate ThemeSource with name 'themeSource': using default [org.springframework.ui.context.support.ResourceBundleThemeSource@6d278416]
[2024-11-20 17:55:49:2196] DEBUG 41716 --- [  restartedMain] o.s.b.f.s.DefaultListableBeanFactory : Creating shared instance of singleton bean 'tomcatServletWebServerFactory'
[2024-11-20 17:55:49:2197] DEBUG 41716 --- [  restartedMain] o.s.b.f.s.DefaultListableBeanFactory : Creating shared instance of singleton bean 'org.springframework.boot.autoconfigure.web.servlet.ServletWebServerFactoryConfiguration$EmbeddedTomcat'
[2024-11-20 17:55:49:2230] DEBUG 41716 --- [  restartedMain] o.s.b.f.s.DefaultListableBeanFactory : Creating shared instance of singleton bean 'websocketServletWebServerCustomizer'
[2024-11-20 17:55:49:2230] DEBUG 41716 --- [  restartedMain] o.s.b.f.s.DefaultListableBeanFactory : Creating shared instance of singleton bean 'org.springframework.boot.autoconfigure.websocket.servlet.WebSocketServletAutoConfiguration$TomcatWebSocketConfiguration'
[2024-11-20 17:55:49:2232] DEBUG 41716 --- [  restartedMain] o.s.b.f.s.DefaultListableBeanFactory : Creating shared instance of singleton bean 'servletWebServerFactoryCustomizer'
[2024-11-20 17:55:49:2232] DEBUG 41716 --- [  restartedMain] o.s.b.f.s.DefaultListableBeanFactory : Creating shared instance of singleton bean 'org.springframework.boot.autoconfigure.web.servlet.ServletWebServerFactoryAutoConfiguration'
[2024-11-20 17:55:49:2239] DEBUG 41716 --- [  restartedMain] o.s.b.f.s.DefaultListableBeanFactory : Creating shared instance of singleton bean 'server-org.springframework.boot.autoconfigure.web.ServerProperties'
[2024-11-20 17:55:49:2250] DEBUG 41716 --- [  restartedMain] o.s.b.f.s.DefaultListableBeanFactory : Creating shared instance of singleton bean 'org.springframework.boot.context.properties.BoundConfigurationProperties'
[2024-11-20 17:55:49:2272] DEBUG 41716 --- [  restartedMain] o.s.b.f.s.DefaultListableBeanFactory : Autowiring by type from bean name 'servletWebServerFactoryCustomizer' via factory method to bean named 'server-org.springframework.boot.autoconfigure.web.ServerProperties'
[2024-11-20 17:55:49:2275] DEBUG 41716 --- [  restartedMain] o.s.b.f.s.DefaultListableBeanFactory : Creating shared instance of singleton bean 'sslBundleRegistry'
[2024-11-20 17:55:49:2276] DEBUG 41716 --- [  restartedMain] o.s.b.f.s.DefaultListableBeanFactory : Creating shared instance of singleton bean 'org.springframework.boot.autoconfigure.ssl.SslAutoConfiguration'
[2024-11-20 17:55:49:2278] DEBUG 41716 --- [  restartedMain] o.s.b.f.s.DefaultListableBeanFactory : Creating shared instance of singleton bean 'spring.ssl-org.springframework.boot.autoconfigure.ssl.SslProperties'
[2024-11-20 17:55:49:2281] DEBUG 41716 --- [  restartedMain] o.s.b.f.s.DefaultListableBeanFactory : Autowiring by type from bean name 'org.springframework.boot.autoconfigure.ssl.SslAutoConfiguration' via constructor to bean named 'org.springframework.boot.web.servlet.context.AnnotationConfigServletWebServerApplicationContext@611627e7'
[2024-11-20 17:55:49:2281] DEBUG 41716 --- [  restartedMain] o.s.b.f.s.DefaultListableBeanFactory : Autowiring by type from bean name 'org.springframework.boot.autoconfigure.ssl.SslAutoConfiguration' via constructor to bean named 'spring.ssl-org.springframework.boot.autoconfigure.ssl.SslProperties'
[2024-11-20 17:55:49:2285] DEBUG 41716 --- [  restartedMain] o.s.b.f.s.DefaultListableBeanFactory : Creating shared instance of singleton bean 'sslPropertiesSslBundleRegistrar'
[2024-11-20 17:55:49:2286] DEBUG 41716 --- [  restartedMain] o.s.b.f.s.DefaultListableBeanFactory : Creating shared instance of singleton bean 'fileWatcher'
