[2024-11-20 17:55:49:3091] DEBUG 41716 --- [  restartedMain] o.s.b.f.s.DefaultListableBeanFactory : Creating shared instance of singleton bean 'fileSupportConverter'
[2024-11-20 17:55:49:3093] DEBUG 41716 --- [  restartedMain] o.s.b.f.s.DefaultListableBeanFactory : Autowiring by type from bean name 'fileSupportConverter' via factory method to bean named 'springdocObjectMapperProvider'
[2024-11-20 17:55:49:3094] DEBUG 41716 --- [  restartedMain] o.s.b.f.s.DefaultListableBeanFactory : Creating shared instance of singleton bean 'responseSupportConverter'
[2024-11-20 17:55:49:3094] DEBUG 41716 --- [  restartedMain] o.s.b.f.s.DefaultListableBeanFactory : Autowiring by type from bean name 'responseSupportConverter' via factory method to bean named 'springdocObjectMapperProvider'
[2024-11-20 17:55:49:3095] DEBUG 41716 --- [  restartedMain] o.s.b.f.s.DefaultListableBeanFactory : Creating shared instance of singleton bean 'schemaPropertyDeprecatingConverter'
[2024-11-20 17:55:49:3096] DEBUG 41716 --- [  restartedMain] o.s.b.f.s.DefaultListableBeanFactory : Creating shared instance of singleton bean 'polymorphicModelConverter'
[2024-11-20 17:55:49:3096] DEBUG 41716 --- [  restartedMain] o.s.b.f.s.DefaultListableBeanFactory : Autowiring by type from bean name 'polymorphicModelConverter' via factory method to bean named 'springdocObjectMapperProvider'
[2024-11-20 17:55:49:3097] DEBUG 41716 --- [  restartedMain] o.s.b.f.s.DefaultListableBeanFactory : Creating shared instance of singleton bean 'openAPIBuilder'
[2024-11-20 17:55:49:3098] DEBUG 41716 --- [  restartedMain] o.s.b.f.s.DefaultListableBeanFactory : Creating shared instance of singleton bean 'securityParser'
[2024-11-20 17:55:49:3098] DEBUG 41716 --- [  restartedMain] o.s.b.f.s.DefaultListableBeanFactory : Creating shared instance of singleton bean 'propertyResolverUtils'
[2024-11-20 17:55:49:3099] DEBUG 41716 --- [  restartedMain] o.s.b.f.s.DefaultListableBeanFactory : Autowiring by type from bean name 'propertyResolverUtils' via factory method to bean named 'org.springframework.beans.factory.support.DefaultListableBeanFactory@6edb9ffb'
[2024-11-20 17:55:49:3099] DEBUG 41716 --- [  restartedMain] o.s.b.f.s.DefaultListableBeanFactory : Autowiring by type from bean name 'propertyResolverUtils' via factory method to bean named 'messageSource'
[2024-11-20 17:55:49:3099] DEBUG 41716 --- [  restartedMain] o.s.b.f.s.DefaultListableBeanFactory : Autowiring by type from bean name 'propertyResolverUtils' via factory method to bean named 'org.springdoc.core.properties.SpringDocConfigProperties'
[2024-11-20 17:55:49:3100] DEBUG 41716 --- [  restartedMain] o.s.b.f.s.DefaultListableBeanFactory : Autowiring by type from bean name 'securityParser' via factory method to bean named 'propertyResolverUtils'
[2024-11-20 17:55:49:3103] DEBUG 41716 --- [  restartedMain] o.s.b.f.s.DefaultListableBeanFactory : Autowiring by type from bean name 'openAPIBuilder' via factory method to bean named 'securityParser'
[2024-11-20 17:55:49:3103] DEBUG 41716 --- [  restartedMain] o.s.b.f.s.DefaultListableBeanFactory : Autowiring by type from bean name 'openAPIBuilder' via factory method to bean named 'org.springdoc.core.properties.SpringDocConfigProperties'
[2024-11-20 17:55:49:3103] DEBUG 41716 --- [  restartedMain] o.s.b.f.s.DefaultListableBeanFactory : Autowiring by type from bean name 'openAPIBuilder' via factory method to bean named 'propertyResolverUtils'
[2024-11-20 17:55:49:3106] DEBUG 41716 --- [  restartedMain] o.s.b.f.s.DefaultListableBeanFactory : Creating shared instance of singleton bean 'modelConverterRegistrar'
[2024-11-20 17:55:49:3107] DEBUG 41716 --- [  restartedMain] o.s.b.f.s.DefaultListableBeanFactory : Autowiring by type from bean name 'modelConverterRegistrar' via factory method to bean named 'org.springdoc.core.properties.SpringDocConfigProperties'
[2024-11-20 17:55:49:3115] DEBUG 41716 --- [  restartedMain] o.s.b.f.s.DefaultListableBeanFactory : Creating shared instance of singleton bean 'operationBuilder'
[2024-11-20 17:55:49:3116] DEBUG 41716 --- [  restartedMain] o.s.b.f.s.DefaultListableBeanFactory : Creating shared instance of singleton bean 'parameterBuilder'
[2024-11-20 17:55:49:3117] DEBUG 41716 --- [  restartedMain] o.s.b.f.s.DefaultListableBeanFactory : Autowiring by type from bean name 'parameterBuilder' via factory method to bean named 'propertyResolverUtils'
[2024-11-20 17:55:49:3117] DEBUG 41716 --- [  restartedMain] o.s.b.f.s.DefaultListableBeanFactory : Autowiring by type from bean name 'parameterBuilder' via factory method to bean named 'springdocObjectMapperProvider'
[2024-11-20 17:55:49:3121] DEBUG 41716 --- [  restartedMain] o.s.b.f.s.DefaultListableBeanFactory : Creating shared instance of singleton bean 'requestBodyBuilder'
[2024-11-20 17:55:49:3121] DEBUG 41716 --- [  restartedMain] o.s.b.f.s.DefaultListableBeanFactory : Autowiring by type from bean name 'requestBodyBuilder' via factory method to bean named 'parameterBuilder'
[2024-11-20 17:55:49:3121] DEBUG 41716 --- [  restartedMain] o.s.b.f.s.DefaultListableBeanFactory : Autowiring by type from bean name 'requestBodyBuilder' via factory method to bean named 'propertyResolverUtils'
[2024-11-20 17:55:49:3122] DEBUG 41716 --- [  restartedMain] o.s.b.f.s.DefaultListableBeanFactory : Autowiring by type from bean name 'operationBuilder' via factory method to bean named 'parameterBuilder'
[2024-11-20 17:55:49:3123] DEBUG 41716 --- [  restartedMain] o.s.b.f.s.DefaultListableBeanFactory : Autowiring by type from bean name 'operationBuilder' via factory method to bean named 'requestBodyBuilder'
[2024-11-20 17:55:49:3123] DEBUG 41716 --- [  restartedMain] o.s.b.f.s.DefaultListableBeanFactory : Autowiring by type from bean name 'operationBuilder' via factory method to bean named 'securityParser'
[2024-11-20 17:55:49:3123] DEBUG 41716 --- [  restartedMain] o.s.b.f.s.DefaultListableBeanFactory : Autowiring by type from bean name 'operationBuilder' via factory method to bean named 'propertyResolverUtils'
[2024-11-20 17:55:49:3126] DEBUG 41716 --- [  restartedMain] o.s.b.f.s.DefaultListableBeanFactory : Creating shared instance of singleton bean 'genericReturnTypeParser'
[2024-11-20 17:55:49:3127] DEBUG 41716 --- [  restartedMain] o.s.b.f.s.DefaultListableBeanFactory : Creating shared instance of singleton bean 'propertiesResolverForSchema'
[2024-11-20 17:55:49:3127] DEBUG 41716 --- [  restartedMain] o.s.b.f.s.DefaultListableBeanFactory : Autowiring by type from bean name 'propertiesResolverForSchema' via factory method to bean named 'openAPIBuilder'
[2024-11-20 17:55:49:3128] DEBUG 41716 --- [  restartedMain] o.s.b.f.s.DefaultListableBeanFactory : Creating shared instance of singleton bean 'springDocProviders'
[2024-11-20 17:55:49:3129] DEBUG 41716 --- [  restartedMain] o.s.b.f.s.DefaultListableBeanFactory : Creating shared instance of singleton bean 'routerFunctionProvider'
[2024-11-20 17:55:49:3130] DEBUG 41716 --- [  restartedMain] o.s.b.f.s.DefaultListableBeanFactory : Creating shared instance of singleton bean 'org.springdoc.webmvc.core.configuration.SpringDocWebMvcConfiguration$SpringDocWebMvcRouterConfiguration'
[2024-11-20 17:55:49:3131] DEBUG 41716 --- [  restartedMain] o.s.b.f.s.DefaultListableBeanFactory : Autowiring by type from bean name 'springDocProviders' via factory method to bean named 'springdocObjectMapperProvider'
[2024-11-20 17:55:49:3134] DEBUG 41716 --- [  restartedMain] o.s.b.f.s.DefaultListableBeanFactory : Creating shared instance of singleton bean 'springDocCustomizers'
[2024-11-20 17:55:49:3138] DEBUG 41716 --- [  restartedMain] o.s.b.f.s.DefaultListableBeanFactory : Creating shared instance of singleton bean 'org.springdoc.core.configuration.SpringDocUIConfiguration'
[2024-11-20 17:55:49:3140] DEBUG 41716 --- [  restartedMain] o.s.b.f.s.DefaultListableBeanFactory : Creating shared instance of singleton bean 'openApiResource'
[2024-11-20 17:55:49:3141] DEBUG 41716 --- [  restartedMain] o.s.b.f.s.DefaultListableBeanFactory : Creating shared instance of singleton bean 'requestBuilder'
[2024-11-20 17:55:49:3142] DEBUG 41716 --- [  restartedMain] o.s.b.f.s.DefaultListableBeanFactory : Autowiring by type from bean name 'requestBuilder' via factory method to bean named 'parameterBuilder'
[2024-11-20 17:55:49:3143] DEBUG 41716 --- [  restartedMain] o.s.b.f.s.DefaultListableBeanFactory : Autowiring by type from bean name 'requestBuilder' via factory method to bean named 'requestBodyBuilder'
[2024-11-20 17:55:49:3143] DEBUG 41716 --- [  restartedMain] o.s.b.f.s.DefaultListableBeanFactory : Autowiring by type from bean name 'requestBuilder' via factory method to bean named 'operationBuilder'
[2024-11-20 17:55:49:3143] DEBUG 41716 --- [  restartedMain] o.s.b.f.s.DefaultListableBeanFactory : Autowiring by type from bean name 'requestBuilder' via factory method to bean named 'localSpringDocParameterNameDiscoverer'
[2024-11-20 17:55:49:3147] DEBUG 41716 --- [  restartedMain] o.s.b.f.s.DefaultListableBeanFactory : Creating shared instance of singleton bean 'responseBuilder'
[2024-11-20 17:55:49:3148] DEBUG 41716 --- [  restartedMain] o.s.b.f.s.DefaultListableBeanFactory : Autowiring by type from bean name 'responseBuilder' via factory method to bean named 'operationBuilder'
[2024-11-20 17:55:49:3148] DEBUG 41716 --- [  restartedMain] o.s.b.f.s.DefaultListableBeanFactory : Autowiring by type from bean name 'responseBuilder' via factory method to bean named 'genericReturnTypeParser'
[2024-11-20 17:55:49:3148] DEBUG 41716 --- [  restartedMain] o.s.b.f.s.DefaultListableBeanFactory : Autowiring by type from bean name 'responseBuilder' via factory method to bean named 'org.springdoc.core.properties.SpringDocConfigProperties'
[2024-11-20 17:55:49:3148] DEBUG 41716 --- [  restartedMain] o.s.b.f.s.DefaultListableBeanFactory : Autowiring by type from bean name 'responseBuilder' via factory method to bean named 'propertyResolverUtils'
[2024-11-20 17:55:49:3150] DEBUG 41716 --- [  restartedMain] o.s.b.f.s.DefaultListableBeanFactory : Autowiring by type from bean name 'openApiResource' via factory method to bean named 'requestBuilder'
[2024-11-20 17:55:49:3150] DEBUG 41716 --- [  restartedMain] o.s.b.f.s.DefaultListableBeanFactory : Autowiring by type from bean name 'openApiResource' via factory method to bean named 'responseBuilder'
