[2024-11-20 17:57:15:3370] DEBUG 37732 --- [  restartedMain] o.s.b.f.s.DefaultListableBeanFactory : Creating shared instance of singleton bean 'mvcContentNegotiationManager'
[2024-11-20 17:57:15:3380] DEBUG 37732 --- [  restartedMain] o.s.b.f.s.DefaultListableBeanFactory : Creating shared instance of singleton bean 'requestMappingHandlerMapping'
[2024-11-20 17:57:15:3383] DEBUG 37732 --- [  restartedMain] o.s.b.f.s.DefaultListableBeanFactory : Autowiring by type from bean name 'requestMappingHandlerMapping' via factory method to bean named 'mvcContentNegotiationManager'
[2024-11-20 17:57:15:3383] DEBUG 37732 --- [  restartedMain] o.s.b.f.s.DefaultListableBeanFactory : Autowiring by type from bean name 'requestMappingHandlerMapping' via factory method to bean named 'mvcConversionService'
[2024-11-20 17:57:15:3383] DEBUG 37732 --- [  restartedMain] o.s.b.f.s.DefaultListableBeanFactory : Autowiring by type from bean name 'requestMappingHandlerMapping' via factory method to bean named 'mvcResourceUrlProvider'
[2024-11-20 17:57:15:3433] DEBUG 37732 --- [  restartedMain] _.s.w.s.HandlerMapping.Mappings      : 
	c.d.d.c.SampleController:
	{GET [/sample/error]}: error()
	{GET [/sample/memory]}: showMemoryInfo()
	{GET [/sample/hello/{number}]}: helloWorld(String)
[2024-11-20 17:57:15:3444] DEBUG 37732 --- [  restartedMain] _.s.w.s.HandlerMapping.Mappings      : 
	c.d.d.c.TestController:
	{GET [/test/error]}: error()
	{GET [/test/memory]}: showMemoryInfo()
	{GET [/test/hello]}: helloWorld()
[2024-11-20 17:57:15:3447] DEBUG 37732 --- [  restartedMain] _.s.w.s.HandlerMapping.Mappings      : 
	o.s.b.a.w.s.e.BasicErrorController:
	{ [/error]}: error(HttpServletRequest)
	{ [/error], produces [text/html]}: errorHtml(HttpServletRequest,HttpServletResponse)
[2024-11-20 17:57:15:3458] DEBUG 37732 --- [  restartedMain] .c.e.PropertySourcesPropertyResolver : Found key 'springdoc.api-docs.path' in PropertySource 'environmentProperties' with value of type String
[2024-11-20 17:57:15:3458] DEBUG 37732 --- [  restartedMain] .c.e.PropertySourcesPropertyResolver : Found key 'springdoc.api-docs.path' in PropertySource 'environmentProperties' with value of type String
[2024-11-20 17:57:15:3459] DEBUG 37732 --- [  restartedMain] .c.e.PropertySourcesPropertyResolver : Found key 'springdoc.api-docs.path' in PropertySource 'environmentProperties' with value of type String
[2024-11-20 17:57:15:3460] DEBUG 37732 --- [  restartedMain] .c.e.PropertySourcesPropertyResolver : Found key 'springdoc.api-docs.path' in PropertySource 'environmentProperties' with value of type String
[2024-11-20 17:57:15:3461] DEBUG 37732 --- [  restartedMain] _.s.w.s.HandlerMapping.Mappings      : 
	o.s.w.a.OpenApiWebMvcResource:
	{GET [/v1/api-docs], produces [application/json]}: openapiJson(HttpServletRequest,String,Locale)
	{GET [/v1/api-docs.yaml], produces [application/vnd.oai.openapi]}: openapiYaml(HttpServletRequest,String,Locale)
[2024-11-20 17:57:15:3463] DEBUG 37732 --- [  restartedMain] .c.e.PropertySourcesPropertyResolver : Found key 'springdoc.swagger-ui.path' in PropertySource 'environmentProperties' with value of type String
[2024-11-20 17:57:15:3463] DEBUG 37732 --- [  restartedMain] .c.e.PropertySourcesPropertyResolver : Found key 'springdoc.swagger-ui.path' in PropertySource 'environmentProperties' with value of type String
[2024-11-20 17:57:15:3463] DEBUG 37732 --- [  restartedMain] _.s.w.s.HandlerMapping.Mappings      : 
	o.s.w.u.SwaggerWelcomeWebMvc:
	{GET [/swagger]}: redirectToUi(HttpServletRequest)
[2024-11-20 17:57:15:3464] DEBUG 37732 --- [  restartedMain] .c.e.PropertySourcesPropertyResolver : Found key 'springdoc.api-docs.path' in PropertySource 'environmentProperties' with value of type String
[2024-11-20 17:57:15:3465] DEBUG 37732 --- [  restartedMain] _.s.w.s.HandlerMapping.Mappings      : 
	o.s.w.u.SwaggerConfigResource:
	{GET [/v1/api-docs/swagger-config], produces [application/json]}: openapiJson(HttpServletRequest)
[2024-11-20 17:57:15:3472] DEBUG 37732 --- [  restartedMain] s.m.m.a.RequestMappingHandlerMapping : 12 mappings in 'requestMappingHandlerMapping'
[2024-11-20 17:57:15:3473] DEBUG 37732 --- [  restartedMain] o.s.b.f.s.DefaultListableBeanFactory : Creating shared instance of singleton bean 'mvcPatternParser'
[2024-11-20 17:57:15:3474] DEBUG 37732 --- [  restartedMain] o.s.b.f.s.DefaultListableBeanFactory : Creating shared instance of singleton bean 'mvcUrlPathHelper'
[2024-11-20 17:57:15:3475] DEBUG 37732 --- [  restartedMain] o.s.b.f.s.DefaultListableBeanFactory : Creating shared instance of singleton bean 'mvcPathMatcher'
[2024-11-20 17:57:15:3476] DEBUG 37732 --- [  restartedMain] o.s.b.f.s.DefaultListableBeanFactory : Creating shared instance of singleton bean 'viewControllerHandlerMapping'
[2024-11-20 17:57:15:3477] DEBUG 37732 --- [  restartedMain] o.s.b.f.s.DefaultListableBeanFactory : Autowiring by type from bean name 'viewControllerHandlerMapping' via factory method to bean named 'mvcConversionService'
[2024-11-20 17:57:15:3477] DEBUG 37732 --- [  restartedMain] o.s.b.f.s.DefaultListableBeanFactory : Autowiring by type from bean name 'viewControllerHandlerMapping' via factory method to bean named 'mvcResourceUrlProvider'
[2024-11-20 17:57:15:3478] DEBUG 37732 --- [  restartedMain] o.s.b.f.s.DefaultListableBeanFactory : Creating shared instance of singleton bean 'beanNameHandlerMapping'
[2024-11-20 17:57:15:3479] DEBUG 37732 --- [  restartedMain] o.s.b.f.s.DefaultListableBeanFactory : Autowiring by type from bean name 'beanNameHandlerMapping' via factory method to bean named 'mvcConversionService'
[2024-11-20 17:57:15:3479] DEBUG 37732 --- [  restartedMain] o.s.b.f.s.DefaultListableBeanFactory : Autowiring by type from bean name 'beanNameHandlerMapping' via factory method to bean named 'mvcResourceUrlProvider'
[2024-11-20 17:57:15:3481] DEBUG 37732 --- [  restartedMain] _.s.w.s.HandlerMapping.Mappings      : 'beanNameHandlerMapping' {}
[2024-11-20 17:57:15:3482] DEBUG 37732 --- [  restartedMain] o.s.b.f.s.DefaultListableBeanFactory : Creating shared instance of singleton bean 'routerFunctionMapping'
[2024-11-20 17:57:15:3483] DEBUG 37732 --- [  restartedMain] o.s.b.f.s.DefaultListableBeanFactory : Autowiring by type from bean name 'routerFunctionMapping' via factory method to bean named 'mvcConversionService'
[2024-11-20 17:57:15:3483] DEBUG 37732 --- [  restartedMain] o.s.b.f.s.DefaultListableBeanFactory : Autowiring by type from bean name 'routerFunctionMapping' via factory method to bean named 'mvcResourceUrlProvider'
[2024-11-20 17:57:15:3484] DEBUG 37732 --- [  restartedMain] o.s.b.f.s.DefaultListableBeanFactory : Creating shared instance of singleton bean 'messageConverters'
[2024-11-20 17:57:15:3485] DEBUG 37732 --- [  restartedMain] o.s.b.f.s.DefaultListableBeanFactory : Creating shared instance of singleton bean 'org.springframework.boot.autoconfigure.http.HttpMessageConvertersAutoConfiguration'
[2024-11-20 17:57:15:3490] DEBUG 37732 --- [  restartedMain] o.s.b.f.s.DefaultListableBeanFactory : Creating shared instance of singleton bean 'stringHttpMessageConverter'
[2024-11-20 17:57:15:3490] DEBUG 37732 --- [  restartedMain] o.s.b.f.s.DefaultListableBeanFactory : Creating shared instance of singleton bean 'org.springframework.boot.autoconfigure.http.HttpMessageConvertersAutoConfiguration$StringHttpMessageConverterConfiguration'
[2024-11-20 17:57:15:3491] DEBUG 37732 --- [  restartedMain] o.s.b.f.s.DefaultListableBeanFactory : Autowiring by type from bean name 'stringHttpMessageConverter' via factory method to bean named 'environment'
[2024-11-20 17:57:15:3495] DEBUG 37732 --- [  restartedMain] o.s.b.f.s.DefaultListableBeanFactory : Creating shared instance of singleton bean 'mappingJackson2HttpMessageConverter'
[2024-11-20 17:57:15:3495] DEBUG 37732 --- [  restartedMain] o.s.b.f.s.DefaultListableBeanFactory : Creating shared instance of singleton bean 'org.springframework.boot.autoconfigure.http.JacksonHttpMessageConvertersConfiguration$MappingJackson2HttpMessageConverterConfiguration'
[2024-11-20 17:57:15:3496] DEBUG 37732 --- [  restartedMain] o.s.b.f.s.DefaultListableBeanFactory : Creating shared instance of singleton bean 'jacksonObjectMapper'
[2024-11-20 17:57:15:3496] DEBUG 37732 --- [  restartedMain] o.s.b.f.s.DefaultListableBeanFactory : Creating shared instance of singleton bean 'org.springframework.boot.autoconfigure.jackson.JacksonAutoConfiguration$JacksonObjectMapperConfiguration'
[2024-11-20 17:57:15:3496] DEBUG 37732 --- [  restartedMain] o.s.b.f.s.DefaultListableBeanFactory : Creating shared instance of singleton bean 'org.springframework.boot.autoconfigure.jackson.JacksonAutoConfiguration$JacksonObjectMapperBuilderConfiguration'
[2024-11-20 17:57:15:3497] DEBUG 37732 --- [  restartedMain] o.s.b.f.s.DefaultListableBeanFactory : Creating shared instance of singleton bean 'standardJacksonObjectMapperBuilderCustomizer'
[2024-11-20 17:57:15:3498] DEBUG 37732 --- [  restartedMain] o.s.b.f.s.DefaultListableBeanFactory : Creating shared instance of singleton bean 'org.springframework.boot.autoconfigure.jackson.JacksonAutoConfiguration$Jackson2ObjectMapperBuilderCustomizerConfiguration'
[2024-11-20 17:57:15:3498] DEBUG 37732 --- [  restartedMain] o.s.b.f.s.DefaultListableBeanFactory : Creating shared instance of singleton bean 'spring.jackson-org.springframework.boot.autoconfigure.jackson.JacksonProperties'
[2024-11-20 17:57:15:3501] DEBUG 37732 --- [  restartedMain] o.s.b.f.s.DefaultListableBeanFactory : Autowiring by type from bean name 'standardJacksonObjectMapperBuilderCustomizer' via factory method to bean named 'spring.jackson-org.springframework.boot.autoconfigure.jackson.JacksonProperties'
[2024-11-20 17:57:15:3504] DEBUG 37732 --- [  restartedMain] o.s.b.f.s.DefaultListableBeanFactory : Creating shared instance of singleton bean 'parameterNamesModule'
[2024-11-20 17:57:15:3504] DEBUG 37732 --- [  restartedMain] o.s.b.f.s.DefaultListableBeanFactory : Creating shared instance of singleton bean 'org.springframework.boot.autoconfigure.jackson.JacksonAutoConfiguration$ParameterNamesModuleConfiguration'
[2024-11-20 17:57:15:3508] DEBUG 37732 --- [  restartedMain] o.s.b.f.s.DefaultListableBeanFactory : Creating shared instance of singleton bean 'jsonMixinModule'
