[2024-11-20 17:57:14:2572] DEBUG 37732 --- [  restartedMain] o.s.b.f.s.DefaultListableBeanFactory : Autowiring by type from bean name 'sslPropertiesSslBundleRegistrar' via factory method to bean named 'fileWatcher'
[2024-11-20 17:57:14:2586] DEBUG 37732 --- [  restartedMain] o.s.b.f.s.DefaultListableBeanFactory : Creating shared instance of singleton bean 'tomcatServletWebServerFactoryCustomizer'
[2024-11-20 17:57:14:2587] DEBUG 37732 --- [  restartedMain] o.s.b.f.s.DefaultListableBeanFactory : Autowiring by type from bean name 'tomcatServletWebServerFactoryCustomizer' via factory method to bean named 'server-org.springframework.boot.autoconfigure.web.ServerProperties'
[2024-11-20 17:57:14:2588] DEBUG 37732 --- [  restartedMain] o.s.b.f.s.DefaultListableBeanFactory : Creating shared instance of singleton bean 'tomcatWebServerFactoryCustomizer'
[2024-11-20 17:57:14:2594] DEBUG 37732 --- [  restartedMain] o.s.b.f.s.DefaultListableBeanFactory : Creating shared instance of singleton bean 'org.springframework.boot.autoconfigure.web.embedded.EmbeddedWebServerFactoryCustomizerAutoConfiguration$TomcatWebServerFactoryCustomizerConfiguration'
[2024-11-20 17:57:14:2595] DEBUG 37732 --- [  restartedMain] o.s.b.f.s.DefaultListableBeanFactory : Autowiring by type from bean name 'tomcatWebServerFactoryCustomizer' via factory method to bean named 'environment'
[2024-11-20 17:57:14:2595] DEBUG 37732 --- [  restartedMain] o.s.b.f.s.DefaultListableBeanFactory : Autowiring by type from bean name 'tomcatWebServerFactoryCustomizer' via factory method to bean named 'server-org.springframework.boot.autoconfigure.web.ServerProperties'
[2024-11-20 17:57:14:2597] DEBUG 37732 --- [  restartedMain] o.s.b.f.s.DefaultListableBeanFactory : Creating shared instance of singleton bean 'tomcatVirtualThreadsProtocolHandlerCustomizer'
[2024-11-20 17:57:14:2597] DEBUG 37732 --- [  restartedMain] o.s.b.f.s.DefaultListableBeanFactory : Creating shared instance of singleton bean 'localeCharsetMappingsCustomizer'
[2024-11-20 17:57:14:2598] DEBUG 37732 --- [  restartedMain] o.s.b.f.s.DefaultListableBeanFactory : Creating shared instance of singleton bean 'org.springframework.boot.autoconfigure.web.servlet.HttpEncodingAutoConfiguration'
[2024-11-20 17:57:14:2598] DEBUG 37732 --- [  restartedMain] o.s.b.f.s.DefaultListableBeanFactory : Autowiring by type from bean name 'org.springframework.boot.autoconfigure.web.servlet.HttpEncodingAutoConfiguration' via constructor to bean named 'server-org.springframework.boot.autoconfigure.web.ServerProperties'
[2024-11-20 17:57:14:2635] DEBUG 37732 --- [  restartedMain] o.s.b.f.s.DefaultListableBeanFactory : Creating shared instance of singleton bean 'errorPageCustomizer'
[2024-11-20 17:57:14:2635] DEBUG 37732 --- [  restartedMain] o.s.b.f.s.DefaultListableBeanFactory : Creating shared instance of singleton bean 'org.springframework.boot.autoconfigure.web.servlet.error.ErrorMvcAutoConfiguration'
[2024-11-20 17:57:14:2636] DEBUG 37732 --- [  restartedMain] o.s.b.f.s.DefaultListableBeanFactory : Autowiring by type from bean name 'org.springframework.boot.autoconfigure.web.servlet.error.ErrorMvcAutoConfiguration' via constructor to bean named 'server-org.springframework.boot.autoconfigure.web.ServerProperties'
[2024-11-20 17:57:14:2637] DEBUG 37732 --- [  restartedMain] o.s.b.f.s.DefaultListableBeanFactory : Creating shared instance of singleton bean 'dispatcherServletRegistration'
[2024-11-20 17:57:14:2637] DEBUG 37732 --- [  restartedMain] o.s.b.f.s.DefaultListableBeanFactory : Creating shared instance of singleton bean 'org.springframework.boot.autoconfigure.web.servlet.DispatcherServletAutoConfiguration$DispatcherServletRegistrationConfiguration'
[2024-11-20 17:57:14:2639] DEBUG 37732 --- [  restartedMain] o.s.b.f.s.DefaultListableBeanFactory : Creating shared instance of singleton bean 'dispatcherServlet'
[2024-11-20 17:57:14:2639] DEBUG 37732 --- [  restartedMain] o.s.b.f.s.DefaultListableBeanFactory : Creating shared instance of singleton bean 'org.springframework.boot.autoconfigure.web.servlet.DispatcherServletAutoConfiguration$DispatcherServletConfiguration'
[2024-11-20 17:57:14:2640] DEBUG 37732 --- [  restartedMain] o.s.b.f.s.DefaultListableBeanFactory : Creating shared instance of singleton bean 'spring.mvc-org.springframework.boot.autoconfigure.web.servlet.WebMvcProperties'
[2024-11-20 17:57:14:2643] DEBUG 37732 --- [  restartedMain] o.s.b.f.s.DefaultListableBeanFactory : Autowiring by type from bean name 'dispatcherServlet' via factory method to bean named 'spring.mvc-org.springframework.boot.autoconfigure.web.servlet.WebMvcProperties'
[2024-11-20 17:57:14:2654] DEBUG 37732 --- [  restartedMain] o.s.b.f.s.DefaultListableBeanFactory : Autowiring by type from bean name 'dispatcherServletRegistration' via factory method to bean named 'dispatcherServlet'
[2024-11-20 17:57:14:2654] DEBUG 37732 --- [  restartedMain] o.s.b.f.s.DefaultListableBeanFactory : Autowiring by type from bean name 'dispatcherServletRegistration' via factory method to bean named 'spring.mvc-org.springframework.boot.autoconfigure.web.servlet.WebMvcProperties'
[2024-11-20 17:57:14:2659] DEBUG 37732 --- [  restartedMain] o.s.b.f.s.DefaultListableBeanFactory : Creating shared instance of singleton bean 'multipartConfigElement'
[2024-11-20 17:57:14:2659] DEBUG 37732 --- [  restartedMain] o.s.b.f.s.DefaultListableBeanFactory : Creating shared instance of singleton bean 'org.springframework.boot.autoconfigure.web.servlet.MultipartAutoConfiguration'
[2024-11-20 17:57:14:2660] DEBUG 37732 --- [  restartedMain] o.s.b.f.s.DefaultListableBeanFactory : Creating shared instance of singleton bean 'spring.servlet.multipart-org.springframework.boot.autoconfigure.web.servlet.MultipartProperties'
[2024-11-20 17:57:14:2669] DEBUG 37732 --- [  restartedMain] o.s.b.f.s.DefaultListableBeanFactory : Autowiring by type from bean name 'org.springframework.boot.autoconfigure.web.servlet.MultipartAutoConfiguration' via constructor to bean named 'spring.servlet.multipart-org.springframework.boot.autoconfigure.web.servlet.MultipartProperties'
[2024-11-20 17:57:14:2683] DEBUG 37732 --- [  restartedMain] o.s.b.f.s.DefaultListableBeanFactory : Autowiring by type from bean name 'errorPageCustomizer' via factory method to bean named 'dispatcherServletRegistration'
[2024-11-20 17:57:14:2836] DEBUG 37732 --- [  restartedMain] .w.e.t.TomcatServletWebServerFactory : Code archive: C:\Users\dhhan\.m2\repository\org\springframework\boot\spring-boot\3.3.5\spring-boot-3.3.5.jar
[2024-11-20 17:57:14:2836] DEBUG 37732 --- [  restartedMain] .w.e.t.TomcatServletWebServerFactory : Code archive: C:\Users\dhhan\.m2\repository\org\springframework\boot\spring-boot\3.3.5\spring-boot-3.3.5.jar
[2024-11-20 17:57:14:2837] DEBUG 37732 --- [  restartedMain] .w.e.t.TomcatServletWebServerFactory : None of the document roots [src/main/webapp, public, static] point to a directory and will be ignored.
[2024-11-20 17:57:14:2916] INFO  37732 --- [  restartedMain] o.s.b.w.e.tomcat.TomcatWebServer     : Tomcat initialized with port 8080 (http)
[2024-11-20 17:57:14:2948] INFO  37732 --- [  restartedMain] o.a.coyote.http11.Http11NioProtocol  : Initializing ProtocolHandler ["http-nio-8080"]
[2024-11-20 17:57:14:2955] INFO  37732 --- [  restartedMain] o.a.catalina.core.StandardService    : Starting service [Tomcat]
[2024-11-20 17:57:14:2956] INFO  37732 --- [  restartedMain] o.a.catalina.core.StandardEngine     : Starting Servlet engine: [Apache Tomcat/10.1.31]
[2024-11-20 17:57:15:3022] INFO  37732 --- [  restartedMain] o.a.c.c.C.[Tomcat].[localhost].[/]   : Initializing Spring embedded WebApplicationContext
[2024-11-20 17:57:15:3023] DEBUG 37732 --- [  restartedMain] c.ServletWebServerApplicationContext : Published root WebApplicationContext as ServletContext attribute with name [org.springframework.web.context.WebApplicationContext.ROOT]
[2024-11-20 17:57:15:3023] INFO  37732 --- [  restartedMain] c.ServletWebServerApplicationContext : Root WebApplicationContext: initialization completed in 1758 ms
[2024-11-20 17:57:15:3028] DEBUG 37732 --- [  restartedMain] o.s.b.f.s.DefaultListableBeanFactory : Creating shared instance of singleton bean 'requestContextFilter'
[2024-11-20 17:57:15:3030] DEBUG 37732 --- [  restartedMain] o.s.b.f.s.DefaultListableBeanFactory : Creating shared instance of singleton bean 'formContentFilter'
[2024-11-20 17:57:15:3030] DEBUG 37732 --- [  restartedMain] o.s.b.f.s.DefaultListableBeanFactory : Creating shared instance of singleton bean 'org.springframework.boot.autoconfigure.web.servlet.WebMvcAutoConfiguration'
[2024-11-20 17:57:15:3035] DEBUG 37732 --- [  restartedMain] o.s.b.f.s.DefaultListableBeanFactory : Creating shared instance of singleton bean 'characterEncodingFilter'
[2024-11-20 17:57:15:3040] DEBUG 37732 --- [  restartedMain] b.w.s.ServletContextInitializerBeans : Mapping filters: characterEncodingFilter urls=[/*] order=-2147483648, formContentFilter urls=[/*] order=-9900, requestContextFilter urls=[/*] order=-105
[2024-11-20 17:57:15:3041] DEBUG 37732 --- [  restartedMain] b.w.s.ServletContextInitializerBeans : Mapping servlets: dispatcherServlet urls=[/]
[2024-11-20 17:57:15:3062] DEBUG 37732 --- [  restartedMain] .b.w.s.f.OrderedRequestContextFilter : Filter 'requestContextFilter' configured for use
[2024-11-20 17:57:15:3064] DEBUG 37732 --- [  restartedMain] w.s.f.OrderedCharacterEncodingFilter : Filter 'characterEncodingFilter' configured for use
[2024-11-20 17:57:15:3064] DEBUG 37732 --- [  restartedMain] o.s.b.w.s.f.OrderedFormContentFilter : Filter 'formContentFilter' configured for use
[2024-11-20 17:57:15:3071] DEBUG 37732 --- [  restartedMain] o.s.b.f.s.DefaultListableBeanFactory : Creating shared instance of singleton bean 'demoApplication'
[2024-11-20 17:57:15:3074] DEBUG 37732 --- [  restartedMain] o.s.b.f.s.DefaultListableBeanFactory : Creating shared instance of singleton bean 'controllerErrorAdivce'
[2024-11-20 17:57:15:3080] DEBUG 37732 --- [  restartedMain] o.s.b.f.s.DefaultListableBeanFactory : Creating shared instance of singleton bean 'interceptorConfig'
[2024-11-20 17:57:15:3081] DEBUG 37732 --- [  restartedMain] o.s.b.f.s.DefaultListableBeanFactory : Creating shared instance of singleton bean 'openApiConfig'
