[2024-11-14 18:01:35:1225] INFO  22308 --- [  restartedMain] com.dhhan.demo.DemoApplication       : Starting DemoApplication using Java 23.0.1 with PID 22308 (D:\java\demo\target\classes started by dhhan in D:\java\demo)
[2024-11-14 18:01:35:1235] DEBUG 22308 --- [  restartedMain] com.dhhan.demo.DemoApplication       : Running with Spring Boot v3.3.5, Spring v6.1.14
[2024-11-14 18:01:35:1236] INFO  22308 --- [  restartedMain] com.dhhan.demo.DemoApplication       : No active profile set, falling back to 1 default profile: "default"
[2024-11-14 18:01:35:1237] DEBUG 22308 --- [  restartedMain] o.s.boot.SpringApplication           : Loading source class com.dhhan.demo.DemoApplication
[2024-11-14 18:01:35:1319] DEBUG 22308 --- [  restartedMain] o.s.b.d.restart.ChangeableUrls       : Matching URLs for reloading : [file:/D:/java/demo/target/classes/]
[2024-11-14 18:01:35:1325] DEBUG 22308 --- [  restartedMain] o.s.b.d.settings.DevToolsSettings    : Included patterns for restart : []
[2024-11-14 18:01:35:1325] DEBUG 22308 --- [  restartedMain] o.s.b.d.settings.DevToolsSettings    : Excluded patterns for restart : [/spring-boot-starter-[\w-]+/, /spring-boot/(bin|build|out)/, /spring-boot-starter/(bin|build|out)/, /spring-boot-devtools/(bin|build|out)/, /spring-boot-actuator/(bin|build|out)/, /spring-boot-autoconfigure/(bin|build|out)/]
[2024-11-14 18:01:35:1325] INFO  22308 --- [  restartedMain] evToolsPropertyDefaultsPostProcessor : Devtools property defaults active! Set 'spring.devtools.add-properties' to 'false' to disable
[2024-11-14 18:01:35:1325] INFO  22308 --- [  restartedMain] evToolsPropertyDefaultsPostProcessor : For additional web related logging consider setting the 'logging.level.web' property to 'DEBUG'
[2024-11-14 18:01:35:1326] DEBUG 22308 --- [  restartedMain] igServletWebServerApplicationContext : Refreshing org.springframework.boot.web.servlet.context.AnnotationConfigServletWebServerApplicationContext@26a9ae69
[2024-11-14 18:01:35:1350] DEBUG 22308 --- [  restartedMain] o.s.b.f.s.DefaultListableBeanFactory : Creating shared instance of singleton bean 'org.springframework.context.annotation.internalConfigurationAnnotationProcessor'
[2024-11-14 18:01:35:1384] DEBUG 22308 --- [  restartedMain] o.s.b.f.s.DefaultListableBeanFactory : Creating shared instance of singleton bean 'org.springframework.boot.autoconfigure.internalCachingMetadataReaderFactory'
[2024-11-14 18:01:35:1476] DEBUG 22308 --- [  restartedMain] s.c.a.ClassPathBeanDefinitionScanner : Identified candidate component class: file [D:\java\demo\target\classes\com\dhhan\demo\aop\ControllerErrorAdivce.class]
[2024-11-14 18:01:35:1494] DEBUG 22308 --- [  restartedMain] s.c.a.ClassPathBeanDefinitionScanner : Identified candidate component class: file [D:\java\demo\target\classes\com\dhhan\demo\controller\TestController.class]
[2024-11-14 18:01:35:1502] DEBUG 22308 --- [  restartedMain] s.c.a.ClassPathBeanDefinitionScanner : Identified candidate component class: file [D:\java\demo\target\classes\com\dhhan\demo\interceptor\CommonInterceptor.class]
[2024-11-14 18:01:35:1503] DEBUG 22308 --- [  restartedMain] s.c.a.ClassPathBeanDefinitionScanner : Identified candidate component class: file [D:\java\demo\target\classes\com\dhhan\demo\interceptor\InterceptorConfig.class]
[2024-11-14 18:01:36:2191] DEBUG 22308 --- [  restartedMain] o.s.b.f.s.DefaultListableBeanFactory : Creating shared instance of singleton bean 'propertySourcesPlaceholderConfigurer'
[2024-11-14 18:01:36:2199] DEBUG 22308 --- [  restartedMain] o.s.b.f.s.DefaultListableBeanFactory : Creating shared instance of singleton bean 'org.springframework.boot.sql.init.dependency.DatabaseInitializationDependencyConfigurer$DependsOnDatabaseInitializationPostProcessor'
[2024-11-14 18:01:36:2205] DEBUG 22308 --- [  restartedMain] o.s.b.f.s.DefaultListableBeanFactory : Creating shared instance of singleton bean 'org.springframework.context.event.internalEventListenerProcessor'
[2024-11-14 18:01:36:2206] DEBUG 22308 --- [  restartedMain] o.s.b.f.s.DefaultListableBeanFactory : Creating shared instance of singleton bean 'preserveErrorControllerTargetClassPostProcessor'
[2024-11-14 18:01:36:2206] DEBUG 22308 --- [  restartedMain] o.s.b.f.s.DefaultListableBeanFactory : Creating shared instance of singleton bean 'forceAutoProxyCreatorToUseClassProxying'
[2024-11-14 18:01:36:2207] DEBUG 22308 --- [  restartedMain] o.s.b.f.s.DefaultListableBeanFactory : Creating shared instance of singleton bean 'org.springframework.context.event.internalEventListenerFactory'
[2024-11-14 18:01:36:2212] DEBUG 22308 --- [  restartedMain] o.s.b.f.s.DefaultListableBeanFactory : Creating shared instance of singleton bean 'org.springframework.context.annotation.internalAutowiredAnnotationProcessor'
[2024-11-14 18:01:36:2213] DEBUG 22308 --- [  restartedMain] o.s.b.f.s.DefaultListableBeanFactory : Creating shared instance of singleton bean 'org.springframework.context.annotation.internalCommonAnnotationProcessor'
[2024-11-14 18:01:36:2218] DEBUG 22308 --- [  restartedMain] o.s.b.f.s.DefaultListableBeanFactory : Creating shared instance of singleton bean 'org.springframework.boot.context.properties.ConfigurationPropertiesBindingPostProcessor'
[2024-11-14 18:01:36:2218] DEBUG 22308 --- [  restartedMain] o.s.b.f.s.DefaultListableBeanFactory : Creating shared instance of singleton bean 'org.springframework.boot.context.internalConfigurationPropertiesBinder'
[2024-11-14 18:01:36:2221] DEBUG 22308 --- [  restartedMain] o.s.b.f.s.DefaultListableBeanFactory : Creating shared instance of singleton bean 'org.springframework.aop.config.internalAutoProxyCreator'
[2024-11-14 18:01:36:2234] DEBUG 22308 --- [  restartedMain] o.s.b.f.s.DefaultListableBeanFactory : Creating shared instance of singleton bean 'webServerFactoryCustomizerBeanPostProcessor'
[2024-11-14 18:01:36:2235] DEBUG 22308 --- [  restartedMain] o.s.b.f.s.DefaultListableBeanFactory : Creating shared instance of singleton bean 'errorPageRegistrarBeanPostProcessor'
[2024-11-14 18:01:36:2237] DEBUG 22308 --- [  restartedMain] o.s.u.c.s.UiApplicationContextUtils  : Unable to locate ThemeSource with name 'themeSource': using default [org.springframework.ui.context.support.ResourceBundleThemeSource@37912ade]
[2024-11-14 18:01:36:2238] DEBUG 22308 --- [  restartedMain] o.s.b.f.s.DefaultListableBeanFactory : Creating shared instance of singleton bean 'tomcatServletWebServerFactory'
[2024-11-14 18:01:36:2238] DEBUG 22308 --- [  restartedMain] o.s.b.f.s.DefaultListableBeanFactory : Creating shared instance of singleton bean 'org.springframework.boot.autoconfigure.web.servlet.ServletWebServerFactoryConfiguration$EmbeddedTomcat'
[2024-11-14 18:01:36:2273] DEBUG 22308 --- [  restartedMain] o.s.b.f.s.DefaultListableBeanFactory : Creating shared instance of singleton bean 'websocketServletWebServerCustomizer'
[2024-11-14 18:01:36:2273] DEBUG 22308 --- [  restartedMain] o.s.b.f.s.DefaultListableBeanFactory : Creating shared instance of singleton bean 'org.springframework.boot.autoconfigure.websocket.servlet.WebSocketServletAutoConfiguration$TomcatWebSocketConfiguration'
[2024-11-14 18:01:36:2275] DEBUG 22308 --- [  restartedMain] o.s.b.f.s.DefaultListableBeanFactory : Creating shared instance of singleton bean 'servletWebServerFactoryCustomizer'
[2024-11-14 18:01:36:2276] DEBUG 22308 --- [  restartedMain] o.s.b.f.s.DefaultListableBeanFactory : Creating shared instance of singleton bean 'org.springframework.boot.autoconfigure.web.servlet.ServletWebServerFactoryAutoConfiguration'
[2024-11-14 18:01:36:2284] DEBUG 22308 --- [  restartedMain] o.s.b.f.s.DefaultListableBeanFactory : Creating shared instance of singleton bean 'server-org.springframework.boot.autoconfigure.web.ServerProperties'
[2024-11-14 18:01:36:2293] DEBUG 22308 --- [  restartedMain] o.s.b.f.s.DefaultListableBeanFactory : Creating shared instance of singleton bean 'org.springframework.boot.context.properties.BoundConfigurationProperties'
[2024-11-14 18:01:36:2324] DEBUG 22308 --- [  restartedMain] o.s.b.f.s.DefaultListableBeanFactory : Autowiring by type from bean name 'servletWebServerFactoryCustomizer' via factory method to bean named 'server-org.springframework.boot.autoconfigure.web.ServerProperties'
[2024-11-14 18:01:36:2328] DEBUG 22308 --- [  restartedMain] o.s.b.f.s.DefaultListableBeanFactory : Creating shared instance of singleton bean 'sslBundleRegistry'
[2024-11-14 18:01:36:2328] DEBUG 22308 --- [  restartedMain] o.s.b.f.s.DefaultListableBeanFactory : Creating shared instance of singleton bean 'org.springframework.boot.autoconfigure.ssl.SslAutoConfiguration'
[2024-11-14 18:01:36:2330] DEBUG 22308 --- [  restartedMain] o.s.b.f.s.DefaultListableBeanFactory : Creating shared instance of singleton bean 'spring.ssl-org.springframework.boot.autoconfigure.ssl.SslProperties'
[2024-11-14 18:01:36:2332] DEBUG 22308 --- [  restartedMain] o.s.b.f.s.DefaultListableBeanFactory : Autowiring by type from bean name 'org.springframework.boot.autoconfigure.ssl.SslAutoConfiguration' via constructor to bean named 'org.springframework.boot.web.servlet.context.AnnotationConfigServletWebServerApplicationContext@26a9ae69'
[2024-11-14 18:01:36:2332] DEBUG 22308 --- [  restartedMain] o.s.b.f.s.DefaultListableBeanFactory : Autowiring by type from bean name 'org.springframework.boot.autoconfigure.ssl.SslAutoConfiguration' via constructor to bean named 'spring.ssl-org.springframework.boot.autoconfigure.ssl.SslProperties'
[2024-11-14 18:01:36:2335] DEBUG 22308 --- [  restartedMain] o.s.b.f.s.DefaultListableBeanFactory : Creating shared instance of singleton bean 'sslPropertiesSslBundleRegistrar'
[2024-11-14 18:01:36:2336] DEBUG 22308 --- [  restartedMain] o.s.b.f.s.DefaultListableBeanFactory : Creating shared instance of singleton bean 'fileWatcher'
[2024-11-14 18:01:36:2337] DEBUG 22308 --- [  restartedMain] o.s.b.f.s.DefaultListableBeanFactory : Autowiring by type from bean name 'sslPropertiesSslBundleRegistrar' via factory method to bean named 'fileWatcher'
[2024-11-14 18:01:36:2345] DEBUG 22308 --- [  restartedMain] o.s.b.f.s.DefaultListableBeanFactory : Creating shared instance of singleton bean 'tomcatServletWebServerFactoryCustomizer'
[2024-11-14 18:01:36:2346] DEBUG 22308 --- [  restartedMain] o.s.b.f.s.DefaultListableBeanFactory : Autowiring by type from bean name 'tomcatServletWebServerFactoryCustomizer' via factory method to bean named 'server-org.springframework.boot.autoconfigure.web.ServerProperties'
