[2024-11-14 18:01:37:3155] INFO  22308 --- [  restartedMain] com.dhhan.demo.DemoApplication       : Started DemoApplication in 2.854 seconds (process running for 3.381)
[2024-11-14 18:01:37:3158] DEBUG 22308 --- [  restartedMain] o.s.b.a.ApplicationAvailabilityBean  : Application availability state LivenessState changed to CORRECT
[2024-11-14 18:01:37:3161] DEBUG 22308 --- [  restartedMain] o.s.boot.devtools.restart.Restarter  : Creating new Restarter for thread Thread[#1,main,5,main]
[2024-11-14 18:01:37:3161] DEBUG 22308 --- [  restartedMain] o.s.boot.devtools.restart.Restarter  : Immediately restarting application
[2024-11-14 18:01:37:3161] DEBUG 22308 --- [  restartedMain] o.s.boot.devtools.restart.Restarter  : Starting application com.dhhan.demo.DemoApplication with URLs [file:/D:/java/demo/target/classes/]
[2024-11-14 18:01:37:3163] DEBUG 22308 --- [  restartedMain] o.s.b.a.ApplicationAvailabilityBean  : Application availability state ReadinessState changed to ACCEPTING_TRAFFIC
[2024-11-14 18:01:40:6607] INFO  22308 --- [nio-8080-exec-2] o.a.c.c.C.[Tomcat].[localhost].[/]   : Initializing Spring DispatcherServlet 'dispatcherServlet'
[2024-11-14 18:01:40:6608] INFO  22308 --- [nio-8080-exec-2] o.s.web.servlet.DispatcherServlet    : Initializing Servlet 'dispatcherServlet'
[2024-11-14 18:01:40:6608] DEBUG 22308 --- [nio-8080-exec-2] o.s.web.servlet.DispatcherServlet    : Detected StandardServletMultipartResolver
[2024-11-14 18:01:40:6608] DEBUG 22308 --- [nio-8080-exec-2] o.s.web.servlet.DispatcherServlet    : Detected AcceptHeaderLocaleResolver
[2024-11-14 18:01:40:6608] DEBUG 22308 --- [nio-8080-exec-2] o.s.web.servlet.DispatcherServlet    : Detected FixedThemeResolver
[2024-11-14 18:01:40:6609] DEBUG 22308 --- [nio-8080-exec-2] o.s.web.servlet.DispatcherServlet    : Detected org.springframework.web.servlet.view.DefaultRequestToViewNameTranslator@77bb7138
[2024-11-14 18:01:40:6609] DEBUG 22308 --- [nio-8080-exec-2] o.s.web.servlet.DispatcherServlet    : Detected org.springframework.web.servlet.support.SessionFlashMapManager@427bf42
[2024-11-14 18:01:40:6609] DEBUG 22308 --- [nio-8080-exec-2] o.s.web.servlet.DispatcherServlet    : enableLoggingRequestDetails='false': request parameters and headers will be masked to prevent unsafe logging of potentially sensitive data
[2024-11-14 18:01:40:6609] INFO  22308 --- [nio-8080-exec-2] o.s.web.servlet.DispatcherServlet    : Completed initialization in 1 ms
[2024-11-14 18:01:40:6616] DEBUG 22308 --- [nio-8080-exec-2] o.s.web.servlet.DispatcherServlet    : GET "/test/memory", parameters={}
[2024-11-14 18:01:40:6625] DEBUG 22308 --- [nio-8080-exec-2] s.m.m.a.RequestMappingHandlerMapping : Mapped to com.dhhan.demo.controller.TestController#showMemoryInfo()
[2024-11-14 18:01:40:6630] DEBUG 22308 --- [nio-8080-exec-2] c.d.d.interceptor.CommonInterceptor  : (com.dhhan.demo.interceptor.CommonInterceptor) # testtesttest
[2024-11-14 18:01:40:6631] INFO  22308 --- [nio-8080-exec-2] c.d.d.interceptor.CommonInterceptor  : (com.dhhan.demo.interceptor.CommonInterceptor) # infotesttest
[2024-11-14 18:01:40:6640] INFO  22308 --- [nio-8080-exec-2] c.d.demo.controller.TestController   : ========== com.dhhan.demo.dto.MemoryInfo ==========
[2024-11-14 18:01:42:8710] INFO  22308 --- [nio-8080-exec-2] c.d.demo.controller.TestController   : {maxMemory: 4022, allocatedMemory: 48, freeMemory: 28, }
[2024-11-14 18:01:42:8710] INFO  22308 --- [nio-8080-exec-2] c.d.demo.controller.TestController   : ========== java.util.HashMap ==========
[2024-11-14 18:01:44:10606] INFO  22308 --- [nio-8080-exec-2] c.d.demo.controller.TestController   : {a: com.dhhan.demo.dto.MemoryInfo@173244dd, 1: aaa, }
[2024-11-14 18:01:44:10606] INFO  22308 --- [nio-8080-exec-2] c.d.demo.controller.TestController   : ========== java.util.ArrayList ==========
