[2024-11-20 17:55:49:2840] DEBUG 41716 --- [  restartedMain] o.s.b.f.s.DefaultListableBeanFactory : Creating shared instance of singleton bean 'mvcContentNegotiationManager'
[2024-11-20 17:55:49:2847] DEBUG 41716 --- [  restartedMain] o.s.b.f.s.DefaultListableBeanFactory : Creating shared instance of singleton bean 'requestMappingHandlerMapping'
[2024-11-20 17:55:49:2850] DEBUG 41716 --- [  restartedMain] o.s.b.f.s.DefaultListableBeanFactory : Autowiring by type from bean name 'requestMappingHandlerMapping' via factory method to bean named 'mvcContentNegotiationManager'
[2024-11-20 17:55:49:2850] DEBUG 41716 --- [  restartedMain] o.s.b.f.s.DefaultListableBeanFactory : Autowiring by type from bean name 'requestMappingHandlerMapping' via factory method to bean named 'mvcConversionService'
[2024-11-20 17:55:49:2851] DEBUG 41716 --- [  restartedMain] o.s.b.f.s.DefaultListableBeanFactory : Autowiring by type from bean name 'requestMappingHandlerMapping' via factory method to bean named 'mvcResourceUrlProvider'
[2024-11-20 17:55:49:2885] DEBUG 41716 --- [  restartedMain] _.s.w.s.HandlerMapping.Mappings      : 
	c.d.d.c.SampleController:
	{GET [/sample/error]}: error()
	{GET [/sample/hello/{number}]}: helloWorld(String)
	{GET [/sample/memory]}: showMemoryInfo()
[2024-11-20 17:55:49:2896] DEBUG 41716 --- [  restartedMain] _.s.w.s.HandlerMapping.Mappings      : 
	c.d.d.c.TestController:
	{GET [/test/error]}: error()
	{GET [/test/hello]}: helloWorld()
	{GET [/test/memory]}: showMemoryInfo()
[2024-11-20 17:55:49:2899] DEBUG 41716 --- [  restartedMain] _.s.w.s.HandlerMapping.Mappings      : 
	o.s.b.a.w.s.e.BasicErrorController:
	{ [/error]}: error(HttpServletRequest)
	{ [/error], produces [text/html]}: errorHtml(HttpServletRequest,HttpServletResponse)
[2024-11-20 17:55:49:2906] DEBUG 41716 --- [  restartedMain] .c.e.PropertySourcesPropertyResolver : Found key 'springdoc.api-docs.path' in PropertySource 'environmentProperties' with value of type String
[2024-11-20 17:55:49:2907] DEBUG 41716 --- [  restartedMain] .c.e.PropertySourcesPropertyResolver : Found key 'springdoc.api-docs.path' in PropertySource 'environmentProperties' with value of type String
[2024-11-20 17:55:49:2908] DEBUG 41716 --- [  restartedMain] .c.e.PropertySourcesPropertyResolver : Found key 'springdoc.api-docs.path' in PropertySource 'environmentProperties' with value of type String
[2024-11-20 17:55:49:2909] DEBUG 41716 --- [  restartedMain] .c.e.PropertySourcesPropertyResolver : Found key 'springdoc.api-docs.path' in PropertySource 'environmentProperties' with value of type String
[2024-11-20 17:55:49:2911] DEBUG 41716 --- [  restartedMain] _.s.w.s.HandlerMapping.Mappings      : 
	o.s.w.a.OpenApiWebMvcResource:
	{GET [/v1/api-docs.yaml], produces [application/vnd.oai.openapi]}: openapiYaml(HttpServletRequest,String,Locale)
	{GET [/v1/api-docs], produces [application/json]}: openapiJson(HttpServletRequest,String,Locale)
[2024-11-20 17:55:49:2913] DEBUG 41716 --- [  restartedMain] .c.e.PropertySourcesPropertyResolver : Found key 'springdoc.swagger-ui.path' in PropertySource 'environmentProperties' with value of type String
[2024-11-20 17:55:49:2913] DEBUG 41716 --- [  restartedMain] .c.e.PropertySourcesPropertyResolver : Found key 'springdoc.swagger-ui.path' in PropertySource 'environmentProperties' with value of type String
[2024-11-20 17:55:49:2914] DEBUG 41716 --- [  restartedMain] _.s.w.s.HandlerMapping.Mappings      : 
	o.s.w.u.SwaggerWelcomeWebMvc:
	{GET [/swagger]}: redirectToUi(HttpServletRequest)
[2024-11-20 17:55:49:2915] DEBUG 41716 --- [  restartedMain] .c.e.PropertySourcesPropertyResolver : Found key 'springdoc.api-docs.path' in PropertySource 'environmentProperties' with value of type String
[2024-11-20 17:55:49:2915] DEBUG 41716 --- [  restartedMain] _.s.w.s.HandlerMapping.Mappings      : 
	o.s.w.u.SwaggerConfigResource:
	{GET [/v1/api-docs/swagger-config], produces [application/json]}: openapiJson(HttpServletRequest)
[2024-11-20 17:55:49:2922] DEBUG 41716 --- [  restartedMain] s.m.m.a.RequestMappingHandlerMapping : 12 mappings in 'requestMappingHandlerMapping'
[2024-11-20 17:55:49:2922] DEBUG 41716 --- [  restartedMain] o.s.b.f.s.DefaultListableBeanFactory : Creating shared instance of singleton bean 'mvcPatternParser'
[2024-11-20 17:55:49:2923] DEBUG 41716 --- [  restartedMain] o.s.b.f.s.DefaultListableBeanFactory : Creating shared instance of singleton bean 'mvcUrlPathHelper'
[2024-11-20 17:55:49:2925] DEBUG 41716 --- [  restartedMain] o.s.b.f.s.DefaultListableBeanFactory : Creating shared instance of singleton bean 'mvcPathMatcher'
[2024-11-20 17:55:49:2926] DEBUG 41716 --- [  restartedMain] o.s.b.f.s.DefaultListableBeanFactory : Creating shared instance of singleton bean 'viewControllerHandlerMapping'
[2024-11-20 17:55:49:2926] DEBUG 41716 --- [  restartedMain] o.s.b.f.s.DefaultListableBeanFactory : Autowiring by type from bean name 'viewControllerHandlerMapping' via factory method to bean named 'mvcConversionService'
[2024-11-20 17:55:49:2926] DEBUG 41716 --- [  restartedMain] o.s.b.f.s.DefaultListableBeanFactory : Autowiring by type from bean name 'viewControllerHandlerMapping' via factory method to bean named 'mvcResourceUrlProvider'
[2024-11-20 17:55:49:2927] DEBUG 41716 --- [  restartedMain] o.s.b.f.s.DefaultListableBeanFactory : Creating shared instance of singleton bean 'beanNameHandlerMapping'
[2024-11-20 17:55:49:2927] DEBUG 41716 --- [  restartedMain] o.s.b.f.s.DefaultListableBeanFactory : Autowiring by type from bean name 'beanNameHandlerMapping' via factory method to bean named 'mvcConversionService'
[2024-11-20 17:55:49:2927] DEBUG 41716 --- [  restartedMain] o.s.b.f.s.DefaultListableBeanFactory : Autowiring by type from bean name 'beanNameHandlerMapping' via factory method to bean named 'mvcResourceUrlProvider'
[2024-11-20 17:55:49:2928] DEBUG 41716 --- [  restartedMain] _.s.w.s.HandlerMapping.Mappings      : 'beanNameHandlerMapping' {}
[2024-11-20 17:55:49:2929] DEBUG 41716 --- [  restartedMain] o.s.b.f.s.DefaultListableBeanFactory : Creating shared instance of singleton bean 'routerFunctionMapping'
[2024-11-20 17:55:49:2929] DEBUG 41716 --- [  restartedMain] o.s.b.f.s.DefaultListableBeanFactory : Autowiring by type from bean name 'routerFunctionMapping' via factory method to bean named 'mvcConversionService'
[2024-11-20 17:55:49:2929] DEBUG 41716 --- [  restartedMain] o.s.b.f.s.DefaultListableBeanFactory : Autowiring by type from bean name 'routerFunctionMapping' via factory method to bean named 'mvcResourceUrlProvider'
[2024-11-20 17:55:49:2930] DEBUG 41716 --- [  restartedMain] o.s.b.f.s.DefaultListableBeanFactory : Creating shared instance of singleton bean 'messageConverters'
[2024-11-20 17:55:49:2930] DEBUG 41716 --- [  restartedMain] o.s.b.f.s.DefaultListableBeanFactory : Creating shared instance of singleton bean 'org.springframework.boot.autoconfigure.http.HttpMessageConvertersAutoConfiguration'
[2024-11-20 17:55:49:2932] DEBUG 41716 --- [  restartedMain] o.s.b.f.s.DefaultListableBeanFactory : Creating shared instance of singleton bean 'stringHttpMessageConverter'
[2024-11-20 17:55:49:2932] DEBUG 41716 --- [  restartedMain] o.s.b.f.s.DefaultListableBeanFactory : Creating shared instance of singleton bean 'org.springframework.boot.autoconfigure.http.HttpMessageConvertersAutoConfiguration$StringHttpMessageConverterConfiguration'
[2024-11-20 17:55:49:2933] DEBUG 41716 --- [  restartedMain] o.s.b.f.s.DefaultListableBeanFactory : Autowiring by type from bean name 'stringHttpMessageConverter' via factory method to bean named 'environment'
[2024-11-20 17:55:49:2936] DEBUG 41716 --- [  restartedMain] o.s.b.f.s.DefaultListableBeanFactory : Creating shared instance of singleton bean 'mappingJackson2HttpMessageConverter'
[2024-11-20 17:55:49:2936] DEBUG 41716 --- [  restartedMain] o.s.b.f.s.DefaultListableBeanFactory : Creating shared instance of singleton bean 'org.springframework.boot.autoconfigure.http.JacksonHttpMessageConvertersConfiguration$MappingJackson2HttpMessageConverterConfiguration'
[2024-11-20 17:55:49:2936] DEBUG 41716 --- [  restartedMain] o.s.b.f.s.DefaultListableBeanFactory : Creating shared instance of singleton bean 'jacksonObjectMapper'
[2024-11-20 17:55:49:2937] DEBUG 41716 --- [  restartedMain] o.s.b.f.s.DefaultListableBeanFactory : Creating shared instance of singleton bean 'org.springframework.boot.autoconfigure.jackson.JacksonAutoConfiguration$JacksonObjectMapperConfiguration'
[2024-11-20 17:55:49:2937] DEBUG 41716 --- [  restartedMain] o.s.b.f.s.DefaultListableBeanFactory : Creating shared instance of singleton bean 'org.springframework.boot.autoconfigure.jackson.JacksonAutoConfiguration$JacksonObjectMapperBuilderConfiguration'
[2024-11-20 17:55:49:2938] DEBUG 41716 --- [  restartedMain] o.s.b.f.s.DefaultListableBeanFactory : Creating shared instance of singleton bean 'standardJacksonObjectMapperBuilderCustomizer'
[2024-11-20 17:55:49:2938] DEBUG 41716 --- [  restartedMain] o.s.b.f.s.DefaultListableBeanFactory : Creating shared instance of singleton bean 'org.springframework.boot.autoconfigure.jackson.JacksonAutoConfiguration$Jackson2ObjectMapperBuilderCustomizerConfiguration'
[2024-11-20 17:55:49:2939] DEBUG 41716 --- [  restartedMain] o.s.b.f.s.DefaultListableBeanFactory : Creating shared instance of singleton bean 'spring.jackson-org.springframework.boot.autoconfigure.jackson.JacksonProperties'
[2024-11-20 17:55:49:2941] DEBUG 41716 --- [  restartedMain] o.s.b.f.s.DefaultListableBeanFactory : Autowiring by type from bean name 'standardJacksonObjectMapperBuilderCustomizer' via factory method to bean named 'spring.jackson-org.springframework.boot.autoconfigure.jackson.JacksonProperties'
[2024-11-20 17:55:49:2942] DEBUG 41716 --- [  restartedMain] o.s.b.f.s.DefaultListableBeanFactory : Creating shared instance of singleton bean 'parameterNamesModule'
[2024-11-20 17:55:49:2942] DEBUG 41716 --- [  restartedMain] o.s.b.f.s.DefaultListableBeanFactory : Creating shared instance of singleton bean 'org.springframework.boot.autoconfigure.jackson.JacksonAutoConfiguration$ParameterNamesModuleConfiguration'
[2024-11-20 17:55:49:2945] DEBUG 41716 --- [  restartedMain] o.s.b.f.s.DefaultListableBeanFactory : Creating shared instance of singleton bean 'jsonMixinModule'
