[2024-11-14 18:01:36:2695] DEBUG 22308 --- [  restartedMain] o.s.b.f.s.DefaultListableBeanFactory : Creating shared instance of singleton bean 'org.springframework.boot.autoconfigure.websocket.servlet.WebSocketServletAutoConfiguration'
[2024-11-14 18:01:36:2698] DEBUG 22308 --- [  restartedMain] o.s.b.f.s.DefaultListableBeanFactory : Creating shared instance of singleton bean 'org.springframework.boot.autoconfigure.web.servlet.DispatcherServletAutoConfiguration'
[2024-11-14 18:01:36:2699] DEBUG 22308 --- [  restartedMain] o.s.b.f.s.DefaultListableBeanFactory : Creating shared instance of singleton bean 'org.springframework.boot.autoconfigure.task.TaskExecutorConfigurations$ThreadPoolTaskExecutorBuilderConfiguration'
[2024-11-14 18:01:36:2704] DEBUG 22308 --- [  restartedMain] o.s.b.f.s.DefaultListableBeanFactory : Creating shared instance of singleton bean 'threadPoolTaskExecutorBuilder'
[2024-11-14 18:01:36:2706] DEBUG 22308 --- [  restartedMain] o.s.b.f.s.DefaultListableBeanFactory : Creating shared instance of singleton bean 'spring.task.execution-org.springframework.boot.autoconfigure.task.TaskExecutionProperties'
[2024-11-14 18:01:36:2708] DEBUG 22308 --- [  restartedMain] o.s.b.f.s.DefaultListableBeanFactory : Autowiring by type from bean name 'threadPoolTaskExecutorBuilder' via factory method to bean named 'spring.task.execution-org.springframework.boot.autoconfigure.task.TaskExecutionProperties'
[2024-11-14 18:01:36:2714] DEBUG 22308 --- [  restartedMain] o.s.b.f.s.DefaultListableBeanFactory : Creating shared instance of singleton bean 'org.springframework.boot.autoconfigure.task.TaskExecutorConfigurations$TaskExecutorBuilderConfiguration'
[2024-11-14 18:01:36:2715] DEBUG 22308 --- [  restartedMain] o.s.b.f.s.DefaultListableBeanFactory : Creating shared instance of singleton bean 'taskExecutorBuilder'
[2024-11-14 18:01:36:2716] DEBUG 22308 --- [  restartedMain] o.s.b.f.s.DefaultListableBeanFactory : Autowiring by type from bean name 'taskExecutorBuilder' via factory method to bean named 'spring.task.execution-org.springframework.boot.autoconfigure.task.TaskExecutionProperties'
[2024-11-14 18:01:36:2718] DEBUG 22308 --- [  restartedMain] o.s.b.f.s.DefaultListableBeanFactory : Creating shared instance of singleton bean 'org.springframework.boot.autoconfigure.task.TaskExecutorConfigurations$SimpleAsyncTaskExecutorBuilderConfiguration'
[2024-11-14 18:01:36:2718] DEBUG 22308 --- [  restartedMain] o.s.b.f.s.DefaultListableBeanFactory : Autowiring by type from bean name 'org.springframework.boot.autoconfigure.task.TaskExecutorConfigurations$SimpleAsyncTaskExecutorBuilderConfiguration' via constructor to bean named 'spring.task.execution-org.springframework.boot.autoconfigure.task.TaskExecutionProperties'
[2024-11-14 18:01:36:2719] DEBUG 22308 --- [  restartedMain] o.s.b.f.s.DefaultListableBeanFactory : Creating shared instance of singleton bean 'simpleAsyncTaskExecutorBuilder'
[2024-11-14 18:01:36:2721] DEBUG 22308 --- [  restartedMain] o.s.b.f.s.DefaultListableBeanFactory : Creating shared instance of singleton bean 'org.springframework.boot.autoconfigure.task.TaskExecutorConfigurations$TaskExecutorConfiguration'
[2024-11-14 18:01:36:2722] DEBUG 22308 --- [  restartedMain] o.s.b.f.s.DefaultListableBeanFactory : Creating shared instance of singleton bean 'org.springframework.boot.autoconfigure.task.TaskExecutionAutoConfiguration'
[2024-11-14 18:01:36:2723] DEBUG 22308 --- [  restartedMain] o.s.b.f.s.DefaultListableBeanFactory : Creating shared instance of singleton bean 'org.springframework.boot.autoconfigure.web.servlet.error.ErrorMvcAutoConfiguration$WhitelabelErrorViewConfiguration'
[2024-11-14 18:01:36:2724] DEBUG 22308 --- [  restartedMain] o.s.b.f.s.DefaultListableBeanFactory : Creating shared instance of singleton bean 'error'
[2024-11-14 18:01:36:2724] DEBUG 22308 --- [  restartedMain] o.s.b.f.s.DefaultListableBeanFactory : Creating shared instance of singleton bean 'beanNameViewResolver'
[2024-11-14 18:01:36:2726] DEBUG 22308 --- [  restartedMain] o.s.b.f.s.DefaultListableBeanFactory : Creating shared instance of singleton bean 'org.springframework.boot.autoconfigure.web.servlet.error.ErrorMvcAutoConfiguration$DefaultErrorViewResolverConfiguration'
[2024-11-14 18:01:36:2726] DEBUG 22308 --- [  restartedMain] o.s.b.f.s.DefaultListableBeanFactory : Creating shared instance of singleton bean 'spring.web-org.springframework.boot.autoconfigure.web.WebProperties'
[2024-11-14 18:01:36:2738] DEBUG 22308 --- [  restartedMain] o.s.b.f.s.DefaultListableBeanFactory : Autowiring by type from bean name 'org.springframework.boot.autoconfigure.web.servlet.error.ErrorMvcAutoConfiguration$DefaultErrorViewResolverConfiguration' via constructor to bean named 'org.springframework.boot.web.servlet.context.AnnotationConfigServletWebServerApplicationContext@26a9ae69'
[2024-11-14 18:01:36:2738] DEBUG 22308 --- [  restartedMain] o.s.b.f.s.DefaultListableBeanFactory : Autowiring by type from bean name 'org.springframework.boot.autoconfigure.web.servlet.error.ErrorMvcAutoConfiguration$DefaultErrorViewResolverConfiguration' via constructor to bean named 'spring.web-org.springframework.boot.autoconfigure.web.WebProperties'
[2024-11-14 18:01:36:2740] DEBUG 22308 --- [  restartedMain] o.s.b.f.s.DefaultListableBeanFactory : Creating shared instance of singleton bean 'conventionErrorViewResolver'
[2024-11-14 18:01:36:2741] DEBUG 22308 --- [  restartedMain] o.s.b.f.s.DefaultListableBeanFactory : Creating shared instance of singleton bean 'errorAttributes'
[2024-11-14 18:01:36:2743] DEBUG 22308 --- [  restartedMain] o.s.b.f.s.DefaultListableBeanFactory : Creating shared instance of singleton bean 'basicErrorController'
[2024-11-14 18:01:36:2745] DEBUG 22308 --- [  restartedMain] o.s.b.f.s.DefaultListableBeanFactory : Autowiring by type from bean name 'basicErrorController' via factory method to bean named 'errorAttributes'
[2024-11-14 18:01:36:2751] DEBUG 22308 --- [  restartedMain] o.s.b.f.s.DefaultListableBeanFactory : Creating shared instance of singleton bean 'org.springframework.boot.autoconfigure.web.servlet.WebMvcAutoConfiguration$EnableWebMvcConfiguration'
[2024-11-14 18:01:36:2754] DEBUG 22308 --- [  restartedMain] o.s.b.f.s.DefaultListableBeanFactory : Autowiring by type from bean name 'org.springframework.boot.autoconfigure.web.servlet.WebMvcAutoConfiguration$EnableWebMvcConfiguration' via constructor to bean named 'spring.mvc-org.springframework.boot.autoconfigure.web.servlet.WebMvcProperties'
[2024-11-14 18:01:36:2754] DEBUG 22308 --- [  restartedMain] o.s.b.f.s.DefaultListableBeanFactory : Autowiring by type from bean name 'org.springframework.boot.autoconfigure.web.servlet.WebMvcAutoConfiguration$EnableWebMvcConfiguration' via constructor to bean named 'spring.web-org.springframework.boot.autoconfigure.web.WebProperties'
[2024-11-14 18:01:36:2754] DEBUG 22308 --- [  restartedMain] o.s.b.f.s.DefaultListableBeanFactory : Autowiring by type from bean name 'org.springframework.boot.autoconfigure.web.servlet.WebMvcAutoConfiguration$EnableWebMvcConfiguration' via constructor to bean named 'org.springframework.beans.factory.support.DefaultListableBeanFactory@32cf2faf'
[2024-11-14 18:01:36:2764] DEBUG 22308 --- [  restartedMain] o.s.b.f.s.DefaultListableBeanFactory : Creating shared instance of singleton bean 'org.springframework.boot.autoconfigure.web.servlet.WebMvcAutoConfiguration$WebMvcAutoConfigurationAdapter'
[2024-11-14 18:01:36:2765] DEBUG 22308 --- [  restartedMain] o.s.b.f.s.DefaultListableBeanFactory : Autowiring by type from bean name 'org.springframework.boot.autoconfigure.web.servlet.WebMvcAutoConfiguration$WebMvcAutoConfigurationAdapter' via constructor to bean named 'spring.web-org.springframework.boot.autoconfigure.web.WebProperties'
[2024-11-14 18:01:36:2765] DEBUG 22308 --- [  restartedMain] o.s.b.f.s.DefaultListableBeanFactory : Autowiring by type from bean name 'org.springframework.boot.autoconfigure.web.servlet.WebMvcAutoConfiguration$WebMvcAutoConfigurationAdapter' via constructor to bean named 'spring.mvc-org.springframework.boot.autoconfigure.web.servlet.WebMvcProperties'
[2024-11-14 18:01:36:2766] DEBUG 22308 --- [  restartedMain] o.s.b.f.s.DefaultListableBeanFactory : Autowiring by type from bean name 'org.springframework.boot.autoconfigure.web.servlet.WebMvcAutoConfiguration$WebMvcAutoConfigurationAdapter' via constructor to bean named 'org.springframework.beans.factory.support.DefaultListableBeanFactory@32cf2faf'
[2024-11-14 18:01:36:2770] DEBUG 22308 --- [  restartedMain] o.s.b.f.s.DefaultListableBeanFactory : Creating shared instance of singleton bean 'welcomePageHandlerMapping'
[2024-11-14 18:01:36:2771] DEBUG 22308 --- [  restartedMain] o.s.b.f.s.DefaultListableBeanFactory : Creating shared instance of singleton bean 'mvcConversionService'
[2024-11-14 18:01:36:2776] DEBUG 22308 --- [  restartedMain] o.s.b.f.s.DefaultListableBeanFactory : Creating shared instance of singleton bean 'mvcResourceUrlProvider'
[2024-11-14 18:01:36:2780] DEBUG 22308 --- [  restartedMain] o.s.b.f.s.DefaultListableBeanFactory : Autowiring by type from bean name 'welcomePageHandlerMapping' via factory method to bean named 'org.springframework.boot.web.servlet.context.AnnotationConfigServletWebServerApplicationContext@26a9ae69'
[2024-11-14 18:01:36:2781] DEBUG 22308 --- [  restartedMain] o.s.b.f.s.DefaultListableBeanFactory : Autowiring by type from bean name 'welcomePageHandlerMapping' via factory method to bean named 'mvcConversionService'
[2024-11-14 18:01:36:2781] DEBUG 22308 --- [  restartedMain] o.s.b.f.s.DefaultListableBeanFactory : Autowiring by type from bean name 'welcomePageHandlerMapping' via factory method to bean named 'mvcResourceUrlProvider'
[2024-11-14 18:01:36:2799] DEBUG 22308 --- [  restartedMain] o.s.b.f.s.DefaultListableBeanFactory : Creating shared instance of singleton bean 'welcomePageNotAcceptableHandlerMapping'
[2024-11-14 18:01:36:2800] DEBUG 22308 --- [  restartedMain] o.s.b.f.s.DefaultListableBeanFactory : Autowiring by type from bean name 'welcomePageNotAcceptableHandlerMapping' via factory method to bean named 'org.springframework.boot.web.servlet.context.AnnotationConfigServletWebServerApplicationContext@26a9ae69'
